This is XeTeX, Version 3.14159265-2.6-0.99992 (TeX Live 2015/Debian) (preloaded format=xelatex 2019.7.9)  9 JUL 2019 16:38
entering extended mode
 restricted \write18 enabled.
 %&-line parsing enabled.
**healthyr-book.tex
(./healthyr-book.tex
LaTeX2e <2016/02/01>
Babel <3.9q> and hyphenation patterns for 3 language(s) loaded.
(/usr/share/texlive/texmf-dist/tex/latex/base/book.cls
Document Class: book 2014/09/29 v1.4h Standard LaTeX document class
(/usr/share/texlive/texmf-dist/tex/latex/base/bk10.clo
File: bk10.clo 2014/09/29 v1.4h Standard LaTeX file (size option)
)
\c@part=\count79
\c@chapter=\count80
\c@section=\count81
\c@subsection=\count82
\c@subsubsection=\count83
\c@paragraph=\count84
\c@subparagraph=\count85
\c@figure=\count86
\c@table=\count87
\abovecaptionskip=\skip41
\belowcaptionskip=\skip42
\bibindent=\dimen102
) (/usr/share/texmf/tex/latex/lm/lmodern.sty
Package: lmodern 2009/10/30 v1.6 Latin Modern Fonts
LaTeX Font Info:    Overwriting symbol font `operators' in version `normal'
(Font)                  OT1/cmr/m/n --> OT1/lmr/m/n on input line 22.
LaTeX Font Info:    Overwriting symbol font `letters' in version `normal'
(Font)                  OML/cmm/m/it --> OML/lmm/m/it on input line 23.
LaTeX Font Info:    Overwriting symbol font `symbols' in version `normal'
(Font)                  OMS/cmsy/m/n --> OMS/lmsy/m/n on input line 24.
LaTeX Font Info:    Overwriting symbol font `largesymbols' in version `normal'
(Font)                  OMX/cmex/m/n --> OMX/lmex/m/n on input line 25.
LaTeX Font Info:    Overwriting symbol font `operators' in version `bold'
(Font)                  OT1/cmr/bx/n --> OT1/lmr/bx/n on input line 26.
LaTeX Font Info:    Overwriting symbol font `letters' in version `bold'
(Font)                  OML/cmm/b/it --> OML/lmm/b/it on input line 27.
LaTeX Font Info:    Overwriting symbol font `symbols' in version `bold'
(Font)                  OMS/cmsy/b/n --> OMS/lmsy/b/n on input line 28.
LaTeX Font Info:    Overwriting symbol font `largesymbols' in version `bold'
(Font)                  OMX/cmex/m/n --> OMX/lmex/m/n on input line 29.
LaTeX Font Info:    Overwriting math alphabet `\mathbf' in version `normal'
(Font)                  OT1/cmr/bx/n --> OT1/lmr/bx/n on input line 31.
LaTeX Font Info:    Overwriting math alphabet `\mathsf' in version `normal'
(Font)                  OT1/cmss/m/n --> OT1/lmss/m/n on input line 32.
LaTeX Font Info:    Overwriting math alphabet `\mathit' in version `normal'
(Font)                  OT1/cmr/m/it --> OT1/lmr/m/it on input line 33.
LaTeX Font Info:    Overwriting math alphabet `\mathtt' in version `normal'
(Font)                  OT1/cmtt/m/n --> OT1/lmtt/m/n on input line 34.
LaTeX Font Info:    Overwriting math alphabet `\mathbf' in version `bold'
(Font)                  OT1/cmr/bx/n --> OT1/lmr/bx/n on input line 35.
LaTeX Font Info:    Overwriting math alphabet `\mathsf' in version `bold'
(Font)                  OT1/cmss/bx/n --> OT1/lmss/bx/n on input line 36.
LaTeX Font Info:    Overwriting math alphabet `\mathit' in version `bold'
(Font)                  OT1/cmr/bx/it --> OT1/lmr/bx/it on input line 37.
LaTeX Font Info:    Overwriting math alphabet `\mathtt' in version `bold'
(Font)                  OT1/cmtt/m/n --> OT1/lmtt/m/n on input line 38.
) (/usr/share/texlive/texmf-dist/tex/latex/amsfonts/amssymb.sty
Package: amssymb 2013/01/14 v3.01 AMS font symbols
(/usr/share/texlive/texmf-dist/tex/latex/amsfonts/amsfonts.sty
Package: amsfonts 2013/01/14 v3.01 Basic AMSFonts support
\@emptytoks=\toks14
\symAMSa=\mathgroup4
\symAMSb=\mathgroup5
LaTeX Font Info:    Overwriting math alphabet `\mathfrak' in version `bold'
(Font)                  U/euf/m/n --> U/euf/b/n on input line 106.
)) (/usr/share/texlive/texmf-dist/tex/latex/amsmath/amsmath.sty
Package: amsmath 2016/03/03 v2.15a AMS math features
\@mathmargin=\skip43
For additional information on amsmath, use the `?' option.
(/usr/share/texlive/texmf-dist/tex/latex/amsmath/amstext.sty
Package: amstext 2000/06/29 v2.01 AMS text
(/usr/share/texlive/texmf-dist/tex/latex/amsmath/amsgen.sty
File: amsgen.sty 1999/11/30 v2.0 generic functions
\@emptytoks=\toks15
\ex@=\dimen103
)) (/usr/share/texlive/texmf-dist/tex/latex/amsmath/amsbsy.sty
Package: amsbsy 1999/11/29 v1.2d Bold Symbols
\pmbraise@=\dimen104
) (/usr/share/texlive/texmf-dist/tex/latex/amsmath/amsopn.sty
Package: amsopn 1999/12/14 v2.01 operator names
)
\inf@bad=\count88
LaTeX Info: Redefining \frac on input line 199.
\uproot@=\count89
\leftroot@=\count90
LaTeX Info: Redefining \overline on input line 297.
\classnum@=\count91
\DOTSCASE@=\count92
LaTeX Info: Redefining \ldots on input line 394.
LaTeX Info: Redefining \dots on input line 397.
LaTeX Info: Redefining \cdots on input line 518.
\Mathstrutbox@=\box26
\strutbox@=\box27
\big@size=\dimen105
LaTeX Font Info:    Redeclaring font encoding OML on input line 630.
LaTeX Font Info:    Redeclaring font encoding OMS on input line 631.
\macc@depth=\count93
\c@MaxMatrixCols=\count94
\dotsspace@=\muskip10
\c@parentequation=\count95
\dspbrk@lvl=\count96
\tag@help=\toks16
\row@=\count97
\column@=\count98
\maxfields@=\count99
\andhelp@=\toks17
\eqnshift@=\dimen106
\alignsep@=\dimen107
\tagshift@=\dimen108
\tagwidth@=\dimen109
\totwidth@=\dimen110
\lineht@=\dimen111
\@envbody=\toks18
\multlinegap=\skip44
\multlinetaggap=\skip45
\mathdisplay@stack=\toks19
LaTeX Info: Redefining \[ on input line 2735.
LaTeX Info: Redefining \] on input line 2736.
) (/usr/share/texlive/texmf-dist/tex/generic/ifxetex/ifxetex.sty
Package: ifxetex 2010/09/12 v0.6 Provides ifxetex conditional
) (/usr/share/texlive/texmf-dist/tex/generic/oberdiek/ifluatex.sty
Package: ifluatex 2010/03/01 v1.3 Provides the ifluatex switch (HO)
Package ifluatex Info: LuaTeX not detected.
) (/usr/share/texlive/texmf-dist/tex/latex/base/fixltx2e.sty
Package: fixltx2e 2015/06/22 v2.0b fixes to LaTeX (obsolete)

Package fixltx2e Warning: fixltx2e is not required with releases after 2015
(fixltx2e)                All fixes are now in the LaTeX kernel.
(fixltx2e)                See the latexrelease package for details.

) (/usr/share/texlive/texmf-dist/tex/latex/unicode-math/unicode-math.sty
Package: unicode-math 2015/09/24 v0.8c Unicode maths in XeLaTeX and LuaLaTeX
(/usr/share/texlive/texmf-dist/tex/latex/l3kernel/expl3.sty
Package: expl3 2016/01/19 v6377 L3 programming layer (loader) 
(/usr/share/texlive/texmf-dist/tex/latex/l3kernel/expl3-code.tex
Package: expl3 2016/01/19 v6377 L3 programming layer (code)
L3 Module: l3bootstrap 2016/01/01 v6339 L3 Bootstrap code
L3 Module: l3names 2015/12/21 v6328 L3 Namespace for primitives
L3 Module: l3basics 2015/11/22 v6315 L3 Basic definitions
L3 Module: l3expan 2015/09/10 v5983 L3 Argument expansion
L3 Module: l3tl 2015/09/29 v6121 L3 Token lists
L3 Module: l3str 2016/01/03 v6357 L3 Strings
L3 Module: l3seq 2015/08/05 v5777 L3 Sequences and stacks
L3 Module: l3int 2016/01/05 v6366 L3 Integers
\c_max_int=\count100
\l_tmpa_int=\count101
\l_tmpb_int=\count102
\g_tmpa_int=\count103
\g_tmpb_int=\count104
L3 Module: l3quark 2015/08/17 v5855 L3 Quarks
L3 Module: l3prg 2015/11/01 v6216 L3 Control structures
\g__prg_map_int=\count105
L3 Module: l3clist 2015/09/02 v5901 L3 Comma separated lists
L3 Module: l3token 2015/11/11 v6249 L3 Experimental token manipulation
L3 Module: l3prop 2016/01/05 v6366 L3 Property lists
L3 Module: l3msg 2015/09/28 v6113 L3 Messages
L3 Module: l3file 2015/12/03 v6317 L3 File and I/O operations
\l_iow_line_count_int=\count106
\l__iow_target_count_int=\count107
\l__iow_current_line_int=\count108
\l__iow_current_word_int=\count109
\l__iow_current_indentation_int=\count110
L3 Module: l3skip 2016/01/05 v6366 L3 Dimensions and skips
\c_zero_dim=\dimen112
\c_max_dim=\dimen113
\l_tmpa_dim=\dimen114
\l_tmpb_dim=\dimen115
\g_tmpa_dim=\dimen116
\g_tmpb_dim=\dimen117
\c_zero_skip=\skip46
\c_max_skip=\skip47
\l_tmpa_skip=\skip48
\l_tmpb_skip=\skip49
\g_tmpa_skip=\skip50
\g_tmpb_skip=\skip51
\c_zero_muskip=\muskip11
\c_max_muskip=\muskip12
\l_tmpa_muskip=\muskip13
\l_tmpb_muskip=\muskip14
\g_tmpa_muskip=\muskip15
\g_tmpb_muskip=\muskip16
L3 Module: l3keys 2015/11/17 v6284 L3 Key-value interfaces
\g__keyval_level_int=\count111
\l_keys_choice_int=\count112
L3 Module: l3fp 2015/08/25 v5890 L3 Floating points
\c__fp_leading_shift_int=\count113
\c__fp_middle_shift_int=\count114
\c__fp_trailing_shift_int=\count115
\c__fp_big_leading_shift_int=\count116
\c__fp_big_middle_shift_int=\count117
\c__fp_big_trailing_shift_int=\count118
\c__fp_Bigg_leading_shift_int=\count119
\c__fp_Bigg_middle_shift_int=\count120
\c__fp_Bigg_trailing_shift_int=\count121
L3 Module: l3box 2015/08/09 v5822 L3 Experimental boxes
\c_empty_box=\box28
\l_tmpa_box=\box29
\l_tmpb_box=\box30
\g_tmpa_box=\box31
\g_tmpb_box=\box32
L3 Module: l3coffins 2015/08/06 v5789 L3 Coffin code layer
\l__coffin_internal_box=\box33
\l__coffin_internal_dim=\dimen118
\l__coffin_offset_x_dim=\dimen119
\l__coffin_offset_y_dim=\dimen120
\l__coffin_x_dim=\dimen121
\l__coffin_y_dim=\dimen122
\l__coffin_x_prime_dim=\dimen123
\l__coffin_y_prime_dim=\dimen124
\c_empty_coffin=\box34
\l__coffin_aligned_coffin=\box35
\l__coffin_aligned_internal_coffin=\box36
\l_tmpa_coffin=\box37
\l_tmpb_coffin=\box38
\l__coffin_display_coffin=\box39
\l__coffin_display_coord_coffin=\box40
\l__coffin_display_pole_coffin=\box41
\l__coffin_display_offset_dim=\dimen125
\l__coffin_display_x_dim=\dimen126
\l__coffin_display_y_dim=\dimen127
L3 Module: l3color 2014/08/23 v5354 L3 Experimental color support
L3 Module: l3sys 2015/09/25 v6087 L3 Experimental system/runtime functions
L3 Module: l3candidates 2016/01/14 v6376 L3 Experimental additions to l3kernel
\l__box_top_dim=\dimen128
\l__box_bottom_dim=\dimen129
\l__box_left_dim=\dimen130
\l__box_right_dim=\dimen131
\l__box_top_new_dim=\dimen132
\l__box_bottom_new_dim=\dimen133
\l__box_left_new_dim=\dimen134
\l__box_right_new_dim=\dimen135
\l__box_internal_box=\box42
\l__coffin_bounding_shift_dim=\dimen136
\l__coffin_left_corner_dim=\dimen137
\l__coffin_right_corner_dim=\dimen138
\l__coffin_bottom_corner_dim=\dimen139
\l__coffin_top_corner_dim=\dimen140
\l__coffin_scaled_total_height_dim=\dimen141
\l__coffin_scaled_width_dim=\dimen142
L3 Module: l3luatex 2015/11/11 v6250 L3 Experimental LuaTeX-specific functions
) (/usr/share/texlive/texmf-dist/tex/latex/l3kernel/l3xdvipdfmx.def
File: l3xdvidpfmx.def 2015/11/11 v6250 L3 Experimental driver: xdvipdfmx
)) (/usr/share/texlive/texmf-dist/tex/latex/ucharcat/ucharcat.sty
Package: ucharcat 2015/11/19 v0.03 ucharcat for luaLaTeX (DPC)
) (/usr/share/texlive/texmf-dist/tex/latex/l3packages/xparse/xparse.sty
Package: xparse 2016/01/19 v6377 L3 Experimental document command parser
\l__xparse_current_arg_int=\count122
\l__xparse_m_args_int=\count123
\l__xparse_mandatory_args_int=\count124
\l__xparse_processor_int=\count125
\l__xparse_v_nesting_int=\count126
) (/usr/share/texlive/texmf-dist/tex/latex/l3packages/l3keys2e/l3keys2e.sty
Package: l3keys2e 2016/01/19 v6377 LaTeX2e option processing using LaTeX3 keys
) (/usr/share/texlive/texmf-dist/tex/latex/fontspec/fontspec.sty
Package: fontspec 2016/02/01 v2.5a Font selection for XeLaTeX and LuaLaTeX
(/usr/share/texlive/texmf-dist/tex/latex/fontspec/fontspec-xetex.sty
Package: fontspec-xetex 2016/02/01 v2.5a Font selection for XeLaTeX and LuaLaTe
X
\l_fontspec_script_int=\count127
\l_fontspec_language_int=\count128
\l_fontspec_strnum_int=\count129
\l__fontspec_tmpa_dim=\dimen143
\l__fontspec_tmpb_dim=\dimen144
\l__fontspec_tmpc_dim=\dimen145
\g__file_internal_ior=\read1
(/usr/share/texlive/texmf-dist/tex/latex/base/fontenc.sty
Package: fontenc 2005/09/27 v1.99g Standard LaTeX package
(/usr/share/texlive/texmf-dist/tex/latex/euenc/eu1enc.def
File: eu1enc.def 2010/05/27 v0.1h Experimental Unicode font encodings
)
LaTeX Font Info:    Try loading font information for EU1+lmr on input line 105.

(/usr/share/texlive/texmf-dist/tex/latex/euenc/eu1lmr.fd
File: eu1lmr.fd 2009/10/30 v1.6 Font defs for Latin Modern
)) (/usr/share/texlive/texmf-dist/tex/xelatex/xunicode/xunicode.sty
File: xunicode.sty 2011/09/09 v0.981 provides access to latin accents and many 
other characters in Unicode lower plane
(/usr/share/texmf/tex/latex/tipa/t3enc.def
File: t3enc.def 2001/12/31 T3 encoding
LaTeX Font Info:    Try loading font information for EU1+lmss on input line 357
.
(/usr/share/texlive/texmf-dist/tex/latex/euenc/eu1lmss.fd
File: eu1lmss.fd 2009/10/30 v1.6 Font defs for Latin Modern
))
\tipaTiiicode=\count130
\tipasavetokens=\toks20
\tipachecktokens=\toks21
(/usr/share/texlive/texmf-dist/tex/latex/graphics/graphicx.sty
Package: graphicx 2014/10/28 v1.0g Enhanced LaTeX Graphics (DPC,SPQR)
(/usr/share/texlive/texmf-dist/tex/latex/graphics/keyval.sty
Package: keyval 2014/10/28 v1.15 key=value parser (DPC)
\KV@toks@=\toks22
) (/usr/share/texlive/texmf-dist/tex/latex/graphics/graphics.sty
Package: graphics 2016/01/03 v1.0q Standard LaTeX Graphics (DPC,SPQR)
(/usr/share/texlive/texmf-dist/tex/latex/graphics/trig.sty
Package: trig 2016/01/03 v1.10 sin cos tan (DPC)
) (/usr/share/texlive/texmf-dist/tex/latex/latexconfig/graphics.cfg
File: graphics.cfg 2010/04/23 v1.9 graphics configuration of TeX Live
)
Package graphics Info: Driver file: xetex.def on input line 95.
(/usr/share/texlive/texmf-dist/tex/xelatex/xetex-def/xetex.def
File: xetex.def 2015/09/11 v4.06 LaTeX color/graphics driver for XeTeX (TeX Liv
e/RRM/JK)
(/usr/share/texlive/texmf-dist/tex/generic/oberdiek/infwarerr.sty
Package: infwarerr 2010/04/08 v1.3 Providing info/warning/error messages (HO)
) (/usr/share/texlive/texmf-dist/tex/generic/oberdiek/ltxcmds.sty
Package: ltxcmds 2011/11/09 v1.22 LaTeX kernel commands for general use (HO)
)))
\Gin@req@height=\dimen146
\Gin@req@width=\dimen147
))
.................................................
. LaTeX info: "xparse/define-command"
. 
. Defining command \__fontspec_post_arg:w with sig. 'mmO{}' on line 353.
.................................................
.................................................
. LaTeX info: "xparse/define-command"
. 
. Defining command \fontspec with sig. 'om' on line 355.
.................................................
.................................................
. LaTeX info: "xparse/define-command"
. 
. Defining command \setmainfont with sig. 'om' on line 365.
.................................................
.................................................
. LaTeX info: "xparse/define-command"
. 
. Defining command \setsansfont with sig. 'om' on line 375.
.................................................
.................................................
. LaTeX info: "xparse/define-command"
. 
. Defining command \setmonofont with sig. 'om' on line 385.
.................................................
.................................................
. LaTeX info: "xparse/define-command"
. 
. Defining command \setmathrm with sig. 'om' on line 399.
.................................................
.................................................
. LaTeX info: "xparse/define-command"
. 
. Defining command \setboldmathrm with sig. 'om' on line 407.
.................................................
.................................................
. LaTeX info: "xparse/define-command"
. 
. Defining command \setmathsf with sig. 'om' on line 415.
.................................................
.................................................
. LaTeX info: "xparse/define-command"
. 
. Defining command \setmathtt with sig. 'om' on line 423.
.................................................
.................................................
. LaTeX info: "xparse/define-command"
. 
. Defining command \newfontfamily with sig. 'mom' on line 437.
.................................................
.................................................
. LaTeX info: "xparse/define-command"
. 
. Defining command \newfontface with sig. 'mom' on line 453.
.................................................
.................................................
. LaTeX info: "xparse/define-command"
. 
. Defining command \defaultfontfeatures with sig. 't+om' on line 467.
.................................................
.................................................
. LaTeX info: "xparse/define-command"
. 
. Defining command \addfontfeatures with sig. 'm' on line 529.
.................................................
.................................................
. LaTeX info: "xparse/define-command"
. 
. Defining command \newfontfeature with sig. 'mm' on line 540.
.................................................
.................................................
. LaTeX info: "xparse/define-command"
. 
. Defining command \newAATfeature with sig. 'mmmm' on line 548.
.................................................
.................................................
. LaTeX info: "xparse/define-command"
. 
. Defining command \newopentypefeature with sig. 'mmm' on line 556.
.................................................
.................................................
. LaTeX info: "xparse/define-command"
. 
. Defining command \aliasfontfeature with sig. 'mm' on line 577.
.................................................
.................................................
. LaTeX info: "xparse/define-command"
. 
. Defining command \aliasfontfeatureoption with sig. 'mmm' on line 586.
.................................................
.................................................
. LaTeX info: "xparse/define-command"
. 
. Defining command \newfontscript with sig. 'mm' on line 590.
.................................................
.................................................
. LaTeX info: "xparse/define-command"
. 
. Defining command \newfontlanguage with sig. 'mm' on line 594.
.................................................
.................................................
. LaTeX info: "xparse/define-command"
. 
. Defining command \DeclareFontsExtensions with sig. 'm' on line 599.
.................................................
\l__fontspec_tmp_int=\count131
(/usr/share/texlive/texmf-dist/tex/latex/fontspec/fontspec.cfg)
LaTeX Info: Redefining \itshape on input line 2705.
LaTeX Info: Redefining \slshape on input line 2710.
LaTeX Info: Redefining \scshape on input line 2715.
LaTeX Info: Redefining \upshape on input line 2720.
\l__fontspec_em_int=\count132
\l__fontspec_emdef_int=\count133
LaTeX Info: Redefining \em on input line 2736.
LaTeX Info: Redefining \emph on input line 2742.
LaTeX Info: Redefining \- on input line 2746.
.................................................
. LaTeX info: "xparse/redefine-command"
. 
. Redefining command \oldstylenums with sig. 'm' on line 2841.
.................................................
.................................................
. LaTeX info: "xparse/define-command"
. 
. Defining command \liningnums with sig. 'm' on line 2845.
.................................................
)) (/usr/share/texlive/texmf-dist/tex/latex/base/fix-cm.sty
Package: fix-cm 2015/01/14 v1.1t fixes to LaTeX
(/usr/share/texlive/texmf-dist/tex/latex/base/ts1enc.def
File: ts1enc.def 2001/06/05 v3.0e (jk/car/fm) Standard LaTeX file
)) (/usr/share/texlive/texmf-dist/tex/latex/filehook/filehook.sty
Package: filehook 2011/10/12 v0.5d Hooks for input files
)
\g__um_fam_int=\count134
\g__um_primekern_muskip=\muskip17
\l__um_primecount_int=\count135
.................................................
. LaTeX info: "xparse/define-command"
. 
. Defining command \unimathsetup with sig. 'm' on line 168.
.................................................
(/usr/share/texlive/texmf-dist/tex/latex/unicode-math/unicode-math-xetex.sty
.................................................
. LaTeX info: "xparse/define-command"
. 
. Defining command \setmathfontface with sig. 'mO{}mO{}' on line 165.
.................................................
.................................................
. LaTeX info: "xparse/define-command"
. 
. Defining command \setoperatorfont with sig. 'm' on line 169.
.................................................
.................................................
. LaTeX info: "xparse/define-command"
. 
. Defining command \setmathfont with sig. 'O{}mO{}' on line 278.
.................................................
.................................................
. LaTeX info: "xparse/define-command"
. 
. Defining command \addnolimits with sig. 'm' on line 520.
.................................................
.................................................
. LaTeX info: "xparse/define-command"
. 
. Defining command \removenolimits with sig. 'm' on line 524.
.................................................
(/usr/share/texlive/texmf-dist/tex/latex/unicode-math/unicode-math-table.tex)
.................................................
. unicode-math info: "patch-macro"
. 
. I'm going to patch macro \subarray.
.................................................
.................................................
. unicode-math info: "patch-macro"
. 
. I'm going to patch macro \r@@t.
.................................................
)) (/usr/share/texlive/texmf-dist/tex/latex/upquote/upquote.sty
Package: upquote 2012/04/19 v1.3 upright-quote and grave-accent glyphs in verba
tim
(/usr/share/texlive/texmf-dist/tex/latex/base/textcomp.sty
Package: textcomp 2005/09/27 v1.99g Standard LaTeX package
Package textcomp Info: Sub-encoding information:
(textcomp)               5 = only ISO-Adobe without \textcurrency
(textcomp)               4 = 5 + \texteuro
(textcomp)               3 = 4 + \textohm
(textcomp)               2 = 3 + \textestimated + \textcurrency
(textcomp)               1 = TS1 - \textcircled - \t
(textcomp)               0 = TS1 (full)
(textcomp)             Font families with sub-encoding setting implement
(textcomp)             only a restricted character set as indicated.
(textcomp)             Family '?' is the default used for unknown fonts.
(textcomp)             See the documentation for details.
Package textcomp Info: Setting ? sub-encoding to TS1/1 on input line 79.
(/usr/share/texlive/texmf-dist/tex/latex/base/ts1enc.def
File: ts1enc.def 2001/06/05 v3.0e (jk/car/fm) Standard LaTeX file
LaTeX Font Info:    Redeclaring font encoding TS1 on input line 47.
)
LaTeX Info: Redefining \oldstylenums on input line 334.
Package textcomp Info: Setting cmr sub-encoding to TS1/0 on input line 349.
Package textcomp Info: Setting cmss sub-encoding to TS1/0 on input line 350.
Package textcomp Info: Setting cmtt sub-encoding to TS1/0 on input line 351.
Package textcomp Info: Setting cmvtt sub-encoding to TS1/0 on input line 352.
Package textcomp Info: Setting cmbr sub-encoding to TS1/0 on input line 353.
Package textcomp Info: Setting cmtl sub-encoding to TS1/0 on input line 354.
Package textcomp Info: Setting ccr sub-encoding to TS1/0 on input line 355.
Package textcomp Info: Setting ptm sub-encoding to TS1/4 on input line 356.
Package textcomp Info: Setting pcr sub-encoding to TS1/4 on input line 357.
Package textcomp Info: Setting phv sub-encoding to TS1/4 on input line 358.
Package textcomp Info: Setting ppl sub-encoding to TS1/3 on input line 359.
Package textcomp Info: Setting pag sub-encoding to TS1/4 on input line 360.
Package textcomp Info: Setting pbk sub-encoding to TS1/4 on input line 361.
Package textcomp Info: Setting pnc sub-encoding to TS1/4 on input line 362.
Package textcomp Info: Setting pzc sub-encoding to TS1/4 on input line 363.
Package textcomp Info: Setting bch sub-encoding to TS1/4 on input line 364.
Package textcomp Info: Setting put sub-encoding to TS1/5 on input line 365.
Package textcomp Info: Setting uag sub-encoding to TS1/5 on input line 366.
Package textcomp Info: Setting ugq sub-encoding to TS1/5 on input line 367.
Package textcomp Info: Setting ul8 sub-encoding to TS1/4 on input line 368.
Package textcomp Info: Setting ul9 sub-encoding to TS1/4 on input line 369.
Package textcomp Info: Setting augie sub-encoding to TS1/5 on input line 370.
Package textcomp Info: Setting dayrom sub-encoding to TS1/3 on input line 371.
Package textcomp Info: Setting dayroms sub-encoding to TS1/3 on input line 372.

Package textcomp Info: Setting pxr sub-encoding to TS1/0 on input line 373.
Package textcomp Info: Setting pxss sub-encoding to TS1/0 on input line 374.
Package textcomp Info: Setting pxtt sub-encoding to TS1/0 on input line 375.
Package textcomp Info: Setting txr sub-encoding to TS1/0 on input line 376.
Package textcomp Info: Setting txss sub-encoding to TS1/0 on input line 377.
Package textcomp Info: Setting txtt sub-encoding to TS1/0 on input line 378.
Package textcomp Info: Setting lmr sub-encoding to TS1/0 on input line 379.
Package textcomp Info: Setting lmdh sub-encoding to TS1/0 on input line 380.
Package textcomp Info: Setting lmss sub-encoding to TS1/0 on input line 381.
Package textcomp Info: Setting lmssq sub-encoding to TS1/0 on input line 382.
Package textcomp Info: Setting lmvtt sub-encoding to TS1/0 on input line 383.
Package textcomp Info: Setting lmtt sub-encoding to TS1/0 on input line 384.
Package textcomp Info: Setting qhv sub-encoding to TS1/0 on input line 385.
Package textcomp Info: Setting qag sub-encoding to TS1/0 on input line 386.
Package textcomp Info: Setting qbk sub-encoding to TS1/0 on input line 387.
Package textcomp Info: Setting qcr sub-encoding to TS1/0 on input line 388.
Package textcomp Info: Setting qcs sub-encoding to TS1/0 on input line 389.
Package textcomp Info: Setting qpl sub-encoding to TS1/0 on input line 390.
Package textcomp Info: Setting qtm sub-encoding to TS1/0 on input line 391.
Package textcomp Info: Setting qzc sub-encoding to TS1/0 on input line 392.
Package textcomp Info: Setting qhvc sub-encoding to TS1/0 on input line 393.
Package textcomp Info: Setting futs sub-encoding to TS1/4 on input line 394.
Package textcomp Info: Setting futx sub-encoding to TS1/4 on input line 395.
Package textcomp Info: Setting futj sub-encoding to TS1/4 on input line 396.
Package textcomp Info: Setting hlh sub-encoding to TS1/3 on input line 397.
Package textcomp Info: Setting hls sub-encoding to TS1/3 on input line 398.
Package textcomp Info: Setting hlst sub-encoding to TS1/3 on input line 399.
Package textcomp Info: Setting hlct sub-encoding to TS1/5 on input line 400.
Package textcomp Info: Setting hlx sub-encoding to TS1/5 on input line 401.
Package textcomp Info: Setting hlce sub-encoding to TS1/5 on input line 402.
Package textcomp Info: Setting hlcn sub-encoding to TS1/5 on input line 403.
Package textcomp Info: Setting hlcw sub-encoding to TS1/5 on input line 404.
Package textcomp Info: Setting hlcf sub-encoding to TS1/5 on input line 405.
Package textcomp Info: Setting pplx sub-encoding to TS1/3 on input line 406.
Package textcomp Info: Setting pplj sub-encoding to TS1/3 on input line 407.
Package textcomp Info: Setting ptmx sub-encoding to TS1/4 on input line 408.
Package textcomp Info: Setting ptmj sub-encoding to TS1/4 on input line 409.
)) (/usr/share/texlive/texmf-dist/tex/latex/microtype/microtype.sty
Package: microtype 2013/05/23 v2.5a Micro-typographical refinements (RS)
\MT@toks=\toks23
\MT@count=\count136
LaTeX Info: Redefining \textls on input line 766.
\MT@outer@kern=\dimen148
LaTeX Info: Redefining \textmicrotypecontext on input line 1285.
\MT@listname@count=\count137
(/usr/share/texlive/texmf-dist/tex/latex/microtype/microtype-xetex.def
File: microtype-xetex.def 2013/05/23 v2.5a Definitions specific to xetex (RS)
LaTeX Info: Redefining \lsstyle on input line 254.
)
Package microtype Info: Loading configuration file microtype.cfg.
(/usr/share/texlive/texmf-dist/tex/latex/microtype/microtype.cfg
File: microtype.cfg 2013/05/23 v2.5a microtype main configuration file (RS)
)) (/usr/share/texlive/texmf-dist/tex/latex/parskip/parskip.sty
Package: parskip 2001/04/09 non-zero parskip adjustments
) (/usr/share/texlive/texmf-dist/tex/latex/xcolor/xcolor.sty
Package: xcolor 2007/01/21 v2.11 LaTeX color extensions (UK)
(/usr/share/texlive/texmf-dist/tex/latex/latexconfig/color.cfg
File: color.cfg 2007/01/18 v1.5 color configuration of teTeX/TeXLive
)
Package xcolor Info: Driver file: xetex.def on input line 225.
Package xcolor Info: Model `cmy' substituted by `cmy0' on input line 1337.
Package xcolor Info: Model `RGB' extended on input line 1353.
Package xcolor Info: Model `HTML' substituted by `rgb' on input line 1355.
Package xcolor Info: Model `Hsb' substituted by `hsb' on input line 1356.
Package xcolor Info: Model `tHsb' substituted by `hsb' on input line 1357.
Package xcolor Info: Model `HSB' substituted by `hsb' on input line 1358.
Package xcolor Info: Model `Gray' substituted by `gray' on input line 1359.
Package xcolor Info: Model `wave' substituted by `hsb' on input line 1360.
(/usr/share/texlive/texmf-dist/tex/latex/graphics/dvipsnam.def
File: dvipsnam.def 2015/12/30 v3.0k Driver-dependent file (DPC,SPQR)
) (/usr/share/texlive/texmf-dist/tex/latex/xcolor/svgnam.def
File: svgnam.def 2007/01/21 v2.11 Predefined colors according to SVG 1.1 (UK)
) (/usr/share/texlive/texmf-dist/tex/latex/xcolor/x11nam.def
File: x11nam.def 2007/01/21 v2.11 Predefined colors according to Unix/X11 (UK)
)) (/usr/share/texlive/texmf-dist/tex/latex/hyperref/hyperref.sty
Package: hyperref 2012/11/06 v6.83m Hypertext links for LaTeX
(/usr/share/texlive/texmf-dist/tex/generic/oberdiek/hobsub-hyperref.sty
Package: hobsub-hyperref 2012/05/28 v1.13 Bundle oberdiek, subset hyperref (HO)

(/usr/share/texlive/texmf-dist/tex/generic/oberdiek/hobsub-generic.sty
Package: hobsub-generic 2012/05/28 v1.13 Bundle oberdiek, subset generic (HO)
Package: hobsub 2012/05/28 v1.13 Construct package bundles (HO)
Package hobsub Info: Skipping package `infwarerr' (already loaded).
Package hobsub Info: Skipping package `ltxcmds' (already loaded).
Package hobsub Info: Skipping package `ifluatex' (already loaded).
Package: ifvtex 2010/03/01 v1.5 Detect VTeX and its facilities (HO)
Package ifvtex Info: VTeX not detected.
Package: intcalc 2007/09/27 v1.1 Expandable calculations with integers (HO)
Package: ifpdf 2011/01/30 v2.3 Provides the ifpdf switch (HO)
Package ifpdf Info: pdfTeX in PDF mode is not detected.
Package: etexcmds 2011/02/16 v1.5 Avoid name clashes with e-TeX commands (HO)
Package etexcmds Info: Could not find \expanded.
(etexcmds)             That can mean that you are not using pdfTeX 1.50 or
(etexcmds)             that some package has redefined \expanded.
(etexcmds)             In the latter case, load this package earlier.
Package: kvsetkeys 2012/04/25 v1.16 Key value parser (HO)
Package: kvdefinekeys 2011/04/07 v1.3 Define keys (HO)
Package: pdftexcmds 2011/11/29 v0.20 Utility functions of pdfTeX for LuaTeX (HO
)
Package pdftexcmds Info: LuaTeX not detected.
Package pdftexcmds Info: pdfTeX >= 1.30 not detected.
Package pdftexcmds Info: \pdf@primitive is available.
Package pdftexcmds Info: \pdf@ifprimitive is available.
Package pdftexcmds Info: \pdfdraftmode not found.
Package: pdfescape 2011/11/25 v1.13 Implements pdfTeX's escape features (HO)
Package: bigintcalc 2012/04/08 v1.3 Expandable calculations on big integers (HO
)
Package: bitset 2011/01/30 v1.1 Handle bit-vector datatype (HO)
Package: uniquecounter 2011/01/30 v1.2 Provide unlimited unique counter (HO)
)
Package hobsub Info: Skipping package `hobsub' (already loaded).
Package: letltxmacro 2010/09/02 v1.4 Let assignment for LaTeX macros (HO)
Package: hopatch 2012/05/28 v1.2 Wrapper for package hooks (HO)
Package: xcolor-patch 2011/01/30 xcolor patch
Package: atveryend 2011/06/30 v1.8 Hooks at the very end of document (HO)
Package atveryend Info: \enddocument detected (standard20110627).
Package: atbegshi 2011/10/05 v1.16 At begin shipout hook (HO)
Package: refcount 2011/10/16 v3.4 Data extraction from label references (HO)
Package: hycolor 2011/01/30 v1.7 Color options for hyperref/bookmark (HO)
) (/usr/share/texlive/texmf-dist/tex/latex/oberdiek/auxhook.sty
Package: auxhook 2011/03/04 v1.3 Hooks for auxiliary files (HO)
) (/usr/share/texlive/texmf-dist/tex/latex/oberdiek/kvoptions.sty
Package: kvoptions 2011/06/30 v3.11 Key value format for package options (HO)
)
\@linkdim=\dimen149
\Hy@linkcounter=\count138
\Hy@pagecounter=\count139
(/usr/share/texlive/texmf-dist/tex/latex/hyperref/pd1enc.def
File: pd1enc.def 2012/11/06 v6.83m Hyperref: PDFDocEncoding definition (HO)
)
\Hy@SavedSpaceFactor=\count140
(/usr/share/texlive/texmf-dist/tex/latex/latexconfig/hyperref.cfg
File: hyperref.cfg 2002/06/06 v1.2 hyperref configuration of TeXLive
)
Package hyperref Info: Option `unicode' set `true' on input line 4319.
(/usr/share/texlive/texmf-dist/tex/latex/hyperref/puenc.def
File: puenc.def 2012/11/06 v6.83m Hyperref: PDF Unicode definition (HO)
)
Package hyperref Info: Hyper figures OFF on input line 4443.
Package hyperref Info: Link nesting OFF on input line 4448.
Package hyperref Info: Hyper index ON on input line 4451.
Package hyperref Info: Plain pages OFF on input line 4458.
Package hyperref Info: Backreferencing OFF on input line 4463.
Package hyperref Info: Implicit mode ON; LaTeX internals redefined.
Package hyperref Info: Bookmarks ON on input line 4688.
\c@Hy@tempcnt=\count141
(/usr/share/texlive/texmf-dist/tex/latex/url/url.sty
\Urlmuskip=\muskip18
Package: url 2013/09/16  ver 3.4  Verb mode for urls, etc.
)
LaTeX Info: Redefining \url on input line 5041.
\XeTeXLinkMargin=\dimen150
\Fld@menulength=\count142
\Field@Width=\dimen151
\Fld@charsize=\dimen152
Package hyperref Info: Hyper figures OFF on input line 6295.
Package hyperref Info: Link nesting OFF on input line 6300.
Package hyperref Info: Hyper index ON on input line 6303.
Package hyperref Info: backreferencing OFF on input line 6310.
Package hyperref Info: Link coloring OFF on input line 6315.
Package hyperref Info: Link coloring with OCG OFF on input line 6320.
Package hyperref Info: PDF/A mode OFF on input line 6325.
LaTeX Info: Redefining \ref on input line 6365.
LaTeX Info: Redefining \pageref on input line 6369.
\Hy@abspage=\count143
\c@Item=\count144
\c@Hfootnote=\count145
)

Package hyperref Message: Driver (autodetected): hxetex.

(/usr/share/texlive/texmf-dist/tex/latex/hyperref/hxetex.def
File: hxetex.def 2012/11/06 v6.83m Hyperref driver for XeTeX
(/usr/share/texlive/texmf-dist/tex/generic/oberdiek/stringenc.sty
Package: stringenc 2011/12/02 v1.10 Convert strings between diff. encodings (HO
)
)
\pdfm@box=\box43
\c@Hy@AnnotLevel=\count146
\HyField@AnnotCount=\count147
\Fld@listcount=\count148
\c@bookmark@seq@number=\count149
(/usr/share/texlive/texmf-dist/tex/latex/oberdiek/rerunfilecheck.sty
Package: rerunfilecheck 2011/04/15 v1.7 Rerun checks for auxiliary files (HO)
Package rerunfilecheck Info: Feature \pdfmdfivesum is not available
(rerunfilecheck)             (e.g. pdfTeX or LuaTeX with package `pdftexcmds').

(rerunfilecheck)             Therefore file contents cannot be checked efficien
tly
(rerunfilecheck)             and the loading of the package is aborted.
)
\Hy@SectionHShift=\skip52
)
Package hyperref Info: Option `colorlinks' set `true' on input line 41.
Package hyperref Info: Option `breaklinks' set `true' on input line 41.
(/usr/share/texlive/texmf-dist/tex/latex/fancyvrb/fancyvrb.sty
Package: fancyvrb 2008/02/07

Style option: `fancyvrb' v2.7a, with DG/SPQR fixes, and firstline=lastline fix 
<2008/02/07> (tvz)
\FV@CodeLineNo=\count150
\FV@InFile=\read2
\FV@TabBox=\box44
\c@FancyVerbLine=\count151
\FV@StepNumber=\count152
\FV@OutFile=\write3
) (/usr/share/texlive/texmf-dist/tex/latex/framed/framed.sty
Package: framed 2011/10/22 v 0.96: framed or shaded text with page breaks
\OuterFrameSep=\skip53
\fb@frw=\dimen153
\fb@frh=\dimen154
\FrameRule=\dimen155
\FrameSep=\dimen156
) (/usr/share/texlive/texmf-dist/tex/latex/tools/longtable.sty
Package: longtable 2014/10/28 v4.11 Multi-page Table package (DPC)
\LTleft=\skip54
\LTright=\skip55
\LTpre=\skip56
\LTpost=\skip57
\LTchunksize=\count153
\LTcapwidth=\dimen157
\LT@head=\box45
\LT@firsthead=\box46
\LT@foot=\box47
\LT@lastfoot=\box48
\LT@cols=\count154
\LT@rows=\count155
\c@LT@tables=\count156
\c@LT@chunks=\count157
\LT@p@ftn=\toks24
) (/usr/share/texlive/texmf-dist/tex/latex/booktabs/booktabs.sty
Package: booktabs 2005/04/14 v1.61803 publication quality tables
\heavyrulewidth=\dimen158
\lightrulewidth=\dimen159
\cmidrulewidth=\dimen160
\belowrulesep=\dimen161
\belowbottomsep=\dimen162
\aboverulesep=\dimen163
\abovetopsep=\dimen164
\cmidrulesep=\dimen165
\cmidrulekern=\dimen166
\defaultaddspace=\dimen167
\@cmidla=\count158
\@cmidlb=\count159
\@aboverulesep=\dimen168
\@belowrulesep=\dimen169
\@thisruleclass=\count160
\@lastruleclass=\count161
\@thisrulewidth=\dimen170
) (/usr/share/texlive/texmf-dist/tex/latex/mdwtools/footnote.sty
Package: footnote 1997/01/28 1.13 Save footnotes around boxes
\fn@notes=\box49
\fn@width=\dimen171
) (/usr/share/texlive/texmf-dist/tex/latex/oberdiek/grffile.sty
Package: grffile 2012/04/05 v1.16 Extended file name support for graphics (HO)
Package grffile Info: \Gread@QTm patched on input line 253.
Package grffile Info: \Gread@eps patched on input line 303.
Package grffile Info: Option `multidot' is set to `true'.
Package grffile Info: Option `extendedchars' is set to `false'.
Package grffile Info: Option `space' is set to `true'.
Package grffile Info: \Gin@ii of package `graphicx' fixed on input line 486.
) (/usr/share/texlive/texmf-dist/tex/latex/caption/caption.sty
Package: caption 2016/02/21 v3.3-144 Customizing captions (AR)
(/usr/share/texlive/texmf-dist/tex/latex/caption/caption3.sty
Package: caption3 2016/02/04 v1.7-139 caption3 kernel (AR)
Package caption3 Info: TeX engine: e-TeX on input line 67.
\captionmargin=\dimen172
\captionmargin@=\dimen173
\captionwidth=\dimen174
\caption@tempdima=\dimen175
\caption@indent=\dimen176
\caption@parindent=\dimen177
\caption@hangindent=\dimen178
)
\c@ContinuedFloat=\count162
Package caption Info: hyperref package is loaded.
Package caption Info: longtable package is loaded.
(/usr/share/texlive/texmf-dist/tex/latex/caption/ltcaption.sty
Package: ltcaption 2013/06/09 v1.4-94 longtable captions (AR)
)) (/usr/share/texlive/texmf-dist/tex/latex/base/makeidx.sty
Package: makeidx 2014/09/29 v1.0m Standard LaTeX package
)
\@indexfile=\write4
\openout4 = `healthyr-book.idx'.

Writing index file healthyr-book.idx
(/usr/share/texlive/texmf-dist/tex/latex/amscls/amsthm.sty
Package: amsthm 2015/03/04 v2.20.2
\thm@style=\toks25
\thm@bodyfont=\toks26
\thm@headfont=\toks27
\thm@notefont=\toks28
\thm@headpunct=\toks29
\thm@preskip=\skip58
\thm@postskip=\skip59
\thm@headsep=\skip60
\dth@everypar=\toks30
) (/usr/share/texlive/texmf-dist/tex/latex/natbib/natbib.sty
Package: natbib 2010/09/13 8.31b (PWD, AO)
\bibhang=\skip61
\bibsep=\skip62
LaTeX Info: Redefining \cite on input line 694.
\c@NAT@ctr=\count163
)
\c@theorem=\count164
\c@lemma=\count165
\c@definition=\count166
\c@corollary=\count167
\c@proposition=\count168
\c@example=\count169
\c@exercise=\count170
(./healthyr-book.aux

LaTeX Warning: Label `tab:unnamed-chunk-7' multiply defined.


LaTeX Warning: Label `tab:unnamed-chunk-11' multiply defined.

)
\openout1 = `healthyr-book.aux'.

LaTeX Font Info:    Checking defaults for OML/cmm/m/it on input line 188.
LaTeX Font Info:    ... okay on input line 188.
LaTeX Font Info:    Checking defaults for T1/cmr/m/n on input line 188.
LaTeX Font Info:    ... okay on input line 188.
LaTeX Font Info:    Checking defaults for OT1/cmr/m/n on input line 188.
LaTeX Font Info:    ... okay on input line 188.
LaTeX Font Info:    Checking defaults for OMS/cmsy/m/n on input line 188.
LaTeX Font Info:    ... okay on input line 188.
LaTeX Font Info:    Checking defaults for OMX/cmex/m/n on input line 188.
LaTeX Font Info:    ... okay on input line 188.
LaTeX Font Info:    Checking defaults for U/cmr/m/n on input line 188.
LaTeX Font Info:    ... okay on input line 188.
LaTeX Font Info:    Checking defaults for EU1/lmr/m/n on input line 188.
LaTeX Font Info:    ... okay on input line 188.
LaTeX Font Info:    Checking defaults for T3/cmr/m/n on input line 188.
LaTeX Font Info:    Try loading font information for T3+cmr on input line 188.
(/usr/share/texmf/tex/latex/tipa/t3cmr.fd
File: t3cmr.fd 2001/12/31 TIPA font definitions
)
LaTeX Font Info:    ... okay on input line 188.
LaTeX Font Info:    Checking defaults for TS1/cmr/m/n on input line 188.
LaTeX Font Info:    ... okay on input line 188.
LaTeX Font Info:    Checking defaults for PD1/pdf/m/n on input line 188.
LaTeX Font Info:    ... okay on input line 188.
LaTeX Font Info:    Checking defaults for PU/pdf/m/n on input line 188.
LaTeX Font Info:    ... okay on input line 188.
.................................................
. fontspec info: "set-scale"
. 
. latinmodern-math.otf scale = 1.
.................................................
\g__fontspec_family_latinmodern-math.otf_int=\count171
.................................................
. fontspec info: "set-scale"
. 
. latinmodern-math scale = 1.
.................................................
.................................................
. fontspec info: "set-scale"
. 
. latinmodern-math scale = 1.
.................................................
.................................................
. fontspec info: "set-scale"
. 
. latinmodern-math scale = 1.
.................................................
.................................................
. fontspec info: "set-scale"
. 
. latinmodern-math scale = 1.
.................................................
.................................................
. fontspec info: "defining-font"
. 
. Font family 'latinmodern-math.otf(0)' created for font
. 'latinmodern-math.otf' with options
. [Ligatures=TeX,Scale=MatchLowercase,BoldItalicFont={},ItalicFont={},Script=Ma
th,SizeFeatures={{Size=10-},{Size=7-10,Font=latinmodern-math.otf,Style=MathScri
pt},{Size=-7,Font=latinmodern-math.otf,Style=MathScriptScript}},BoldFont={latin
modern-math.otf}].
. 
. This font family consists of the following NFSS series/shapes:
. - 'normal' (m/n) with NFSS spec.:
. <10->s*[1]"[latinmodern-math]/OT:script=math;language=DFLT;mapping=tex-text;"
<7-10>s*[1]"[latinmodern-math]/OT:script=math;language=DFLT;mapping=tex-text;+s
sty=0;"<-7>s*[1]"[latinmodern-math]/OT:script=math;language=DFLT;mapping=tex-te
xt;+ssty=1;"
. - 'small caps'  (m/sc) with NFSS spec.: - 'bold' (bx/n) with NFSS spec.:
. <->s*[1]"[latinmodern-math]/OT:script=math;language=DFLT;mapping=tex-text;"
. - 'bold small caps'  (bx/sc) with NFSS spec.: 
.................................................
LaTeX Font Info:    Font shape `EU1/latinmodern-math.otf(0)/m/n' will be
(Font)              scaled to size 10.0pt on input line 188.
.................................................
. fontspec info: "set-scale"
. 
. latinmodern-math.otf scale = 1.
.................................................
LaTeX Font Info:    Encoding `OT1' has changed to `EU1' for symbol font
(Font)              `operators' in the math version `normal' on input line 188.

LaTeX Font Info:    Overwriting symbol font `operators' in version `normal'
(Font)                  OT1/lmr/m/n --> EU1/latinmodern-math.otf(0)/m/n on inpu
t line 188.
LaTeX Font Info:    Encoding `OT1' has changed to `EU1' for symbol font
(Font)              `operators' in the math version `bold' on input line 188.
LaTeX Font Info:    Overwriting symbol font `operators' in version `bold'
(Font)                  OT1/lmr/bx/n --> EU1/latinmodern-math.otf(0)/bx/n on in
put line 188.
.................................................
. fontspec info: "set-scale"
. 
. latinmodern-math.otf scale = 1.
.................................................
.................................................
. fontspec info: "set-scale"
. 
. latinmodern-math scale = 1.
.................................................
.................................................
. fontspec info: "set-scale"
. 
. latinmodern-math scale = 1.
.................................................
.................................................
. fontspec info: "set-scale"
. 
. latinmodern-math scale = 1.
.................................................
.................................................
. fontspec info: "set-scale"
. 
. latinmodern-math scale = 1.
.................................................
.................................................
. fontspec info: "defining-font"
. 
. Font family 'latinmodern-math.otf(1)' created for font
. 'latinmodern-math.otf' with options
. [Ligatures=TeX,Scale=MatchLowercase,BoldItalicFont={},ItalicFont={},Script=Ma
th,SizeFeatures={{Size=10-},{Size=7-10,Font=latinmodern-math.otf,Style=MathScri
pt},{Size=-7,Font=latinmodern-math.otf,Style=MathScriptScript}},BoldFont={latin
modern-math.otf},Scale=1.00001,FontAdjustment={\fontdimen
. 8\font =6.77pt\relax \relax \fontdimen 9\font =3.94pt\relax \relax
. \fontdimen 10\font =4.44pt\relax \relax \fontdimen 11\font =6.86pt\relax
. \relax \fontdimen 12\font =3.45pt\relax \relax \fontdimen 13\font
. =3.63pt\relax \relax \fontdimen 14\font =3.63pt\relax \relax \fontdimen
. 15\font =2.89pt\relax \relax \fontdimen 16\font =2.47pt\relax \relax
. \fontdimen 17\font =2.47pt\relax \relax \fontdimen 18\font =2.5pt\relax
. \relax \fontdimen 19\font =2.0pt\relax \relax \fontdimen 20\font =0pt\relax
. \fontdimen 21\font =0pt\relax \fontdimen 22\font =2.5pt\relax \relax }].
. 
. This font family consists of the following NFSS series/shapes:
. - 'normal' (m/n) with NFSS spec.:
. <10->s*[1.00001]"[latinmodern-math]/OT:script=math;language=DFLT;mapping=tex-
text;"<7-10>s*[1.00001]"[latinmodern-math]/OT:script=math;language=DFLT;mapping
=tex-text;+ssty=0;"<-7>s*[1.00001]"[latinmodern-math]/OT:script=math;language=D
FLT;mapping=tex-text;+ssty=1;"
. - 'small caps'  (m/sc) with NFSS spec.: 
. and font adjustment code:
. \fontdimen 8\font =6.77pt\relax \relax \fontdimen 9\font =3.94pt\relax
. \relax \fontdimen 10\font =4.44pt\relax \relax \fontdimen 11\font
. =6.86pt\relax \relax \fontdimen 12\font =3.45pt\relax \relax \fontdimen
. 13\font =3.63pt\relax \relax \fontdimen 14\font =3.63pt\relax \relax
. \fontdimen 15\font =2.89pt\relax \relax \fontdimen 16\font =2.47pt\relax
. \relax \fontdimen 17\font =2.47pt\relax \relax \fontdimen 18\font
. =2.5pt\relax \relax \fontdimen 19\font =2.0pt\relax \relax \fontdimen
. 20\font =0pt\relax \fontdimen 21\font =0pt\relax \fontdimen 22\font
. =2.5pt\relax \relax - 'bold' (bx/n) with NFSS spec.:
. <->s*[1.00001]"[latinmodern-math]/OT:script=math;language=DFLT;mapping=tex-te
xt;"
. - 'bold small caps'  (bx/sc) with NFSS spec.: 
. and font adjustment code:
. \fontdimen 8\font =6.77pt\relax \relax \fontdimen 9\font =3.94pt\relax
. \relax \fontdimen 10\font =4.44pt\relax \relax \fontdimen 11\font
. =6.86pt\relax \relax \fontdimen 12\font =3.45pt\relax \relax \fontdimen
. 13\font =3.63pt\relax \relax \fontdimen 14\font =3.63pt\relax \relax
. \fontdimen 15\font =2.89pt\relax \relax \fontdimen 16\font =2.47pt\relax
. \relax \fontdimen 17\font =2.47pt\relax \relax \fontdimen 18\font
. =2.5pt\relax \relax \fontdimen 19\font =2.0pt\relax \relax \fontdimen
. 20\font =0pt\relax \fontdimen 21\font =0pt\relax \fontdimen 22\font
. =2.5pt\relax \relax 
.................................................
LaTeX Font Info:    Encoding `OMS' has changed to `EU1' for symbol font
(Font)              `symbols' in the math version `normal' on input line 188.
LaTeX Font Info:    Overwriting symbol font `symbols' in version `normal'
(Font)                  OMS/lmsy/m/n --> EU1/latinmodern-math.otf(1)/m/n on inp
ut line 188.
LaTeX Font Info:    Encoding `OMS' has changed to `EU1' for symbol font
(Font)              `symbols' in the math version `bold' on input line 188.
LaTeX Font Info:    Overwriting symbol font `symbols' in version `bold'
(Font)                  OMS/lmsy/b/n --> EU1/latinmodern-math.otf(1)/bx/n on in
put line 188.
.................................................
. fontspec info: "set-scale"
. 
. latinmodern-math.otf scale = 1.
.................................................
.................................................
. fontspec info: "set-scale"
. 
. latinmodern-math scale = 1.
.................................................
.................................................
. fontspec info: "set-scale"
. 
. latinmodern-math scale = 1.
.................................................
.................................................
. fontspec info: "set-scale"
. 
. latinmodern-math scale = 1.
.................................................
.................................................
. fontspec info: "set-scale"
. 
. latinmodern-math scale = 1.
.................................................
.................................................
. fontspec info: "defining-font"
. 
. Font family 'latinmodern-math.otf(2)' created for font
. 'latinmodern-math.otf' with options
. [Ligatures=TeX,Scale=MatchLowercase,BoldItalicFont={},ItalicFont={},Script=Ma
th,SizeFeatures={{Size=10-},{Size=7-10,Font=latinmodern-math.otf,Style=MathScri
pt},{Size=-7,Font=latinmodern-math.otf,Style=MathScriptScript}},BoldFont={latin
modern-math.otf},Scale=0.99999,FontAdjustment={\fontdimen
. 8\font =0.4pt\relax \relax \fontdimen 9\font =2.0pt\relax \relax \fontdimen
. 10\font =1.67pt\relax \relax \fontdimen 11\font =1.11pt\relax \relax
. \fontdimen 12\font =6.0pt\relax \relax \fontdimen 13\font =0pt\relax }].
. 
. This font family consists of the following NFSS series/shapes:
. - 'normal' (m/n) with NFSS spec.:
. <10->s*[0.99999]"[latinmodern-math]/OT:script=math;language=DFLT;mapping=tex-
text;"<7-10>s*[0.99999]"[latinmodern-math]/OT:script=math;language=DFLT;mapping
=tex-text;+ssty=0;"<-7>s*[0.99999]"[latinmodern-math]/OT:script=math;language=D
FLT;mapping=tex-text;+ssty=1;"
. - 'small caps'  (m/sc) with NFSS spec.: 
. and font adjustment code:
. \fontdimen 8\font =0.4pt\relax \relax \fontdimen 9\font =2.0pt\relax \relax
. \fontdimen 10\font =1.67pt\relax \relax \fontdimen 11\font =1.11pt\relax
. \relax \fontdimen 12\font =6.0pt\relax \relax \fontdimen 13\font =0pt\relax
. - 'bold' (bx/n) with NFSS spec.:
. <->s*[0.99999]"[latinmodern-math]/OT:script=math;language=DFLT;mapping=tex-te
xt;"
. - 'bold small caps'  (bx/sc) with NFSS spec.: 
. and font adjustment code:
. \fontdimen 8\font =0.4pt\relax \relax \fontdimen 9\font =2.0pt\relax \relax
. \fontdimen 10\font =1.67pt\relax \relax \fontdimen 11\font =1.11pt\relax
. \relax \fontdimen 12\font =6.0pt\relax \relax \fontdimen 13\font =0pt\relax 
.................................................
LaTeX Font Info:    Encoding `OMX' has changed to `EU1' for symbol font
(Font)              `largesymbols' in the math version `normal' on input line 1
88.
LaTeX Font Info:    Overwriting symbol font `largesymbols' in version `normal'
(Font)                  OMX/lmex/m/n --> EU1/latinmodern-math.otf(2)/m/n on inp
ut line 188.
LaTeX Font Info:    Encoding `OMX' has changed to `EU1' for symbol font
(Font)              `largesymbols' in the math version `bold' on input line 188
.
LaTeX Font Info:    Overwriting symbol font `largesymbols' in version `bold'
(Font)                  OMX/lmex/m/n --> EU1/latinmodern-math.otf(2)/bx/n on in
put line 188.
LaTeX Info: Redefining \microtypecontext on input line 188.
Package microtype Info: Character protrusion enabled (level 2).
Package microtype Info: Using protrusion set `basicmath'.
Package microtype Info: No adjustment of tracking.
Package microtype Info: No adjustment of spacing.
Package microtype Info: No adjustment of kerning.
(/usr/share/texlive/texmf-dist/tex/latex/microtype/mt-LatinModernRoman.cfg
File: mt-LatinModernRoman.cfg 2013/03/13 v1.0 microtype config. file: Latin Mod
ern Roman (RS)
)
\AtBeginShipoutBox=\box50
Package hyperref Info: Link coloring ON on input line 188.
(/usr/share/texlive/texmf-dist/tex/latex/hyperref/nameref.sty
Package: nameref 2012/10/27 v2.43 Cross-referencing by name of section
(/usr/share/texlive/texmf-dist/tex/generic/oberdiek/gettitlestring.sty
Package: gettitlestring 2010/12/03 v1.4 Cleanup title references (HO)
)
\c@section@level=\count172
)
LaTeX Info: Redefining \ref on input line 188.
LaTeX Info: Redefining \pageref on input line 188.
LaTeX Info: Redefining \nameref on input line 188.
(./healthyr-book.out) (./healthyr-book.out)
\@outlinefile=\write5
\openout5 = `healthyr-book.out'.

Package caption Info: Begin \AtBeginDocument code.
Package caption Info: End \AtBeginDocument code.
LaTeX Font Info:    Font shape `EU1/latinmodern-math.otf(0)/m/n' will be
(Font)              scaled to size 12.0pt on input line 190.
LaTeX Font Info:    Font shape `EU1/latinmodern-math.otf(0)/m/n' will be
(Font)              scaled to size 8.0pt on input line 190.
LaTeX Font Info:    Font shape `EU1/latinmodern-math.otf(0)/m/n' will be
(Font)              scaled to size 6.0pt on input line 190.
LaTeX Font Info:    Try loading font information for OML+lmm on input line 190.

(/usr/share/texmf/tex/latex/lm/omllmm.fd
File: omllmm.fd 2009/10/30 v1.6 Font defs for Latin Modern
)
LaTeX Font Info:    Font shape `EU1/latinmodern-math.otf(1)/m/n' will be
(Font)              scaled to size 12.00018pt on input line 190.
LaTeX Font Info:    Font shape `EU1/latinmodern-math.otf(1)/m/n' will be
(Font)              scaled to size 8.00012pt on input line 190.
LaTeX Font Info:    Font shape `EU1/latinmodern-math.otf(1)/m/n' will be
(Font)              scaled to size 6.00009pt on input line 190.
LaTeX Font Info:    Font shape `EU1/latinmodern-math.otf(2)/m/n' will be
(Font)              scaled to size 11.99982pt on input line 190.
LaTeX Font Info:    Font shape `EU1/latinmodern-math.otf(2)/m/n' will be
(Font)              scaled to size 7.99988pt on input line 190.
LaTeX Font Info:    Font shape `EU1/latinmodern-math.otf(2)/m/n' will be
(Font)              scaled to size 5.99991pt on input line 190.
LaTeX Font Info:    Try loading font information for U+msa on input line 190.
(/usr/share/texlive/texmf-dist/tex/latex/amsfonts/umsa.fd
File: umsa.fd 2013/01/14 v3.01 AMS symbols A
) (/usr/share/texlive/texmf-dist/tex/latex/microtype/mt-msa.cfg
File: mt-msa.cfg 2006/02/04 v1.1 microtype config. file: AMS symbols (a) (RS)
)
LaTeX Font Info:    Try loading font information for U+msb on input line 190.
(/usr/share/texlive/texmf-dist/tex/latex/amsfonts/umsb.fd
File: umsb.fd 2013/01/14 v3.01 AMS symbols B
) (/usr/share/texlive/texmf-dist/tex/latex/microtype/mt-msb.cfg
File: mt-msb.cfg 2005/06/01 v1.0 microtype config. file: AMS symbols (b) (RS)
) [1



] [2] (./healthyr-book.toc
LaTeX Font Info:    Font shape `EU1/latinmodern-math.otf(0)/m/n' will be
(Font)              scaled to size 7.01236pt on input line 3.
LaTeX Font Info:    Font shape `EU1/latinmodern-math.otf(0)/m/n' will be
(Font)              scaled to size 4.98074pt on input line 3.
LaTeX Font Info:    Font shape `EU1/latinmodern-math.otf(1)/m/n' will be
(Font)              scaled to size 10.00015pt on input line 3.
LaTeX Font Info:    Font shape `EU1/latinmodern-math.otf(1)/m/n' will be
(Font)              scaled to size 7.01247pt on input line 3.
LaTeX Font Info:    Font shape `EU1/latinmodern-math.otf(1)/m/n' will be
(Font)              scaled to size 4.9808pt on input line 3.
LaTeX Font Info:    Font shape `EU1/latinmodern-math.otf(2)/m/n' will be
(Font)              scaled to size 9.99985pt on input line 3.
LaTeX Font Info:    Font shape `EU1/latinmodern-math.otf(2)/m/n' will be
(Font)              scaled to size 7.01224pt on input line 3.
LaTeX Font Info:    Font shape `EU1/latinmodern-math.otf(2)/m/n' will be
(Font)              scaled to size 4.98067pt on input line 3.
LaTeX Font Info:    Try loading font information for EU1+lmtt on input line 15.

(/usr/share/texlive/texmf-dist/tex/latex/euenc/eu1lmtt.fd
File: eu1lmtt.fd 2009/10/30 v1.6 Font defs for Latin Modern
) [3

] [4] [5] [6] [7])
\tf@toc=\write6
\openout6 = `healthyr-book.toc'.

[8] (./healthyr-book.lot)
\tf@lot=\write7
\openout7 = `healthyr-book.lot'.

[9

] [10

] (./healthyr-book.lof)
\tf@lof=\write8
\openout8 = `healthyr-book.lof'.

[11] [12

]

LaTeX Warning: Reference `introduction' on page xiii undefined on input line 23
9.

LaTeX Font Info:    Font shape `EU1/lmtt/bx/n' in size <10> not available
(Font)              Font shape `EU1/lmtt/b/n' tried instead on input line 252.
[13] [14]
File: images/rstudio_vs_r.png Graphic file (type QTm)
<use  "images/rstudio_vs_r.png" > [15] [16

] [1

] [2]
Chapter 1.
[3

]
File: 01_first_interaction_files/figure-latex/unnamed-chunk-2-1.pdf Graphic fil
e (type QTm)
<use  "01_first_interaction_files/figure-latex/unnamed-chunk-2-1.pdf" >
File: 01_first_interaction_files/figure-latex/unnamed-chunk-3-1.pdf Graphic fil
e (type QTm)
<use  "01_first_interaction_files/figure-latex/unnamed-chunk-3-1.pdf" > [4] [5]
File: 01_first_interaction_files/figure-latex/unnamed-chunk-4-1.pdf Graphic fil
e (type QTm)
<use  "01_first_interaction_files/figure-latex/unnamed-chunk-4-1.pdf" >
File: 01_first_interaction_files/figure-latex/unnamed-chunk-5-1.pdf Graphic fil
e (type QTm)
<use  "01_first_interaction_files/figure-latex/unnamed-chunk-5-1.pdf" > [6]
Overfull \hbox (8.272pt too wide) in paragraph at lines 499--501
\EU1/lmr/m/n/10 Going back to the dataframe with all years (1990  2015), add \
EU1/lmtt/m/n/10 facet_wrap(~year)
 []

File: 01_first_interaction_files/figure-latex/unnamed-chunk-6-1.pdf Graphic fil
e (type QTm)
<use  "01_first_interaction_files/figure-latex/unnamed-chunk-6-1.pdf" >
Underfull \vbox (badness 10000) has occurred while \output is active []

[7]
File: 01_first_interaction_files/figure-latex/unnamed-chunk-7-1.pdf Graphic fil
e (type QTm)
<use  "01_first_interaction_files/figure-latex/unnamed-chunk-7-1.pdf" >
Underfull \vbox (badness 10000) has occurred while \output is active []

[8]
File: 01_first_interaction_files/figure-latex/unnamed-chunk-8-1.pdf Graphic fil
e (type QTm)
<use  "01_first_interaction_files/figure-latex/unnamed-chunk-8-1.pdf" >
Underfull \vbox (badness 10000) has occurred while \output is active []

[9]
LaTeX Font Info:    Font shape `EU1/lmtt/bx/n' in size <14.4> not available
(Font)              Font shape `EU1/lmtt/b/n' tried instead on input line 572.

Underfull \hbox (badness 1092) in paragraph at lines 572--572
[]\EU1/lmr/bx/n/14.4 Two geoms for barplots: \EU1/lmtt/b/n/14.4 geom_bar() \EU1
/lmr/bx/n/14.4 or
 []


Underfull \vbox (badness 3168) has occurred while \output is active []

[10] [11] [12

]
Chapter 2.
[13] [14] [15]
Overfull \hbox (3.25pt too wide) in paragraph at lines 826--826
[]\EU1/lmtt/m/n/10 ##  [1] 16149409 26993493  4325788 15449045 29897069  463986
9 14775502[] 
 []


Overfull \hbox (3.25pt too wide) in paragraph at lines 826--826
[]\EU1/lmtt/m/n/10 ##  [8] 31521934  4776852 13890709 33637815  4833919 1243180
2 36259550[] 
 []

File: images/magittr.png Graphic file (type QTm)
<use  "images/magittr.png" >
Underfull \hbox (badness 7888) in paragraph at lines 836--837
[]\EU1/lmr/m/it/10 Image source: [][]$[][][][][] [] [] [] [][][][] [] [] [][] [
][][][][][][] [] [][][] [] [][][] [] [][][][][][][][] [] [][][][][][][][] []
 []

[16]
Overfull \hbox (98.07007pt too wide) in alignment at lines 868--872
 [] [] [] [] 
 []


Overfull \hbox (98.07007pt too wide) in alignment at lines 872--904
 [] [] [] [] 
 []

[17] [18] [19]
LaTeX Font Info:    Font shape `EU1/latinmodern-math.otf(0)/m/n' will be
(Font)              scaled to size 5.0pt on input line 1076.
LaTeX Font Info:    Font shape `EU1/latinmodern-math.otf(1)/m/n' will be
(Font)              scaled to size 5.00008pt on input line 1076.
LaTeX Font Info:    Font shape `EU1/latinmodern-math.otf(2)/m/n' will be
(Font)              scaled to size 4.99992pt on input line 1076.
[20] [21] [22] [23]
Underfull \vbox (badness 1546) has occurred while \output is active []

[24]
Underfull \hbox (badness 1558) in paragraph at lines 1313--1320
\EU1/lmr/m/n/10 For combining dataframes based on shared variables we use the j
oins:
 []

File: images/databasejoke.jpg Graphic file (type QTm)
<use  "images/databasejoke.jpg" > [25] [26] [27] [28] [29] [30]
Chapter 3.
File: 03_summarising_files/figure-latex/unnamed-chunk-2-1.pdf Graphic file (typ
e QTm)
<use  "03_summarising_files/figure-latex/unnamed-chunk-2-1.pdf" >
Underfull \vbox (badness 7308) has occurred while \output is active []

[31

]
Underfull \hbox (badness 1824) in paragraph at lines 1693--1697
\EU1/lmr/m/n/10 Most of the functions introduced in this session come from the 
tidy-
 []


Underfull \hbox (badness 2229) in paragraph at lines 1693--1697
\EU1/lmr/m/n/10 verse family ([][]$[][][][] [] [] [] [][][][][][][][][] [] [][]
[][]$[][]), rather than Base R. Including
 []

[32]
File: images/library_vs_package.png Graphic file (type QTm)
<use  "images/library_vs_package.png" >
Overfull \hbox (373.33556pt too wide) in paragraph at lines 1698--1699
[][] 
 []


Underfull \vbox (badness 10000) has occurred while \output is active []

[33]
Overfull \hbox (19.31267pt too wide) in paragraph at lines 1741--1741
[]\EU1/lmr/bx/n/14.4 Subgroup analysis: \EU1/lmtt/b/n/14.4 group_by() \EU1/lmr/
bx/n/14.4 and \EU1/lmtt/b/n/14.4 summarise() 
 []

[34]
Overfull \hbox (6.49203pt too wide) in paragraph at lines 1839--1843
[]\EU1/lmr/m/n/10 Convince yourself that for 1990, deaths by the three causes (
\EU1/lmtt/m/n/10 summary_data2\EU1/lmr/m/n/10 )
 []

[35]
Overfull \hbox (43.65002pt too wide) in paragraph at lines 1880--1897
 [][] 
 []

[36]
Overfull \hbox (72.88pt too wide) in paragraph at lines 1947--1962
 [][] 
 []

File: images/wide_long.png Graphic file (type QTm)
<use  "images/wide_long.png" >
Overfull \hbox (497.08545pt too wide) in paragraph at lines 1994--1995
 [] 
 []


Underfull \vbox (badness 10000) has occurred while \output is active []

[37]
Underfull \vbox (badness 10000) has occurred while \output is active []

[38]
Overfull \hbox (12.0pt too wide) in paragraph at lines 2023--2023
[]\EU1/lmtt/m/n/10 ##    year `Communicable diseases` Injuries `Non-communicabl
e diseases`[] 
 []

[39] [40] [41] [42]
File: 03_summarising_files/figure-latex/unnamed-chunk-22-1.pdf Graphic file (ty
pe QTm)
<use  "03_summarising_files/figure-latex/unnamed-chunk-22-1.pdf" > [43]
File: 03_summarising_files/figure-latex/unnamed-chunk-22-2.pdf Graphic file (ty
pe QTm)
<use  "03_summarising_files/figure-latex/unnamed-chunk-22-2.pdf" >
File: 03_summarising_files/figure-latex/unnamed-chunk-23-1.pdf Graphic file (ty
pe QTm)
<use  "03_summarising_files/figure-latex/unnamed-chunk-23-1.pdf" >
File: 03_summarising_files/figure-latex/unnamed-chunk-23-2.pdf Graphic file (ty
pe QTm)
<use  "03_summarising_files/figure-latex/unnamed-chunk-23-2.pdf" >
Underfull \vbox (badness 10000) has occurred while \output is active []

[44]
LaTeX Font Info:    Font shape `EU1/lmtt/bx/n' in size <12> not available
(Font)              Font shape `EU1/lmtt/b/n' tried instead on input line 2266.


Underfull \vbox (badness 10000) has occurred while \output is active []

[45]
File: 03_summarising_files/figure-latex/unnamed-chunk-25-1.pdf Graphic file (ty
pe QTm)
<use  "03_summarising_files/figure-latex/unnamed-chunk-25-1.pdf" >
Underfull \vbox (badness 10000) has occurred while \output is active []

[46] [47]
Overfull \hbox (31.25pt too wide) in paragraph at lines 2377--2377
[]\EU1/lmtt/m/n/10 ##  [1] 1990 1990 1990 1990 1995 1995 1995 1995 2000 2000 20
00 2000 2005 2005[] 
 []


Overfull \hbox (33.0pt too wide) in paragraph at lines 2377--2377
[]\EU1/lmtt/m/n/10 ## [15] 2005 2005 2010 2010 2010 2010 2013 2013 2013 2013 19
90 1990 1990 1990[] 
 []


Overfull \hbox (33.0pt too wide) in paragraph at lines 2377--2377
[]\EU1/lmtt/m/n/10 ## [29] 1995 1995 1995 1995 2000 2000 2000 2000 2005 2005 20
05 2005 2010 2010[] 
 []


Overfull \hbox (33.0pt too wide) in paragraph at lines 2377--2377
[]\EU1/lmtt/m/n/10 ## [43] 2010 2010 2013 2013 2013 2013 1990 1990 1990 1990 19
95 1995 1995 1995[] 
 []


Overfull \hbox (33.0pt too wide) in paragraph at lines 2377--2377
[]\EU1/lmtt/m/n/10 ## [57] 2000 2000 2000 2000 2005 2005 2005 2005 2010 2010 20
10 2010 2013 2013[] 
 []


Overfull \hbox (31.25pt too wide) in paragraph at lines 2407--2407
[]\EU1/lmtt/m/n/10 ##  [1] 1990 1990 1990 1990 1995 1995 1995 1995 2000 2000 20
00 2000 2005 2005[] 
 []


Overfull \hbox (33.0pt too wide) in paragraph at lines 2407--2407
[]\EU1/lmtt/m/n/10 ## [15] 2005 2005 2010 2010 2010 2010 2013 2013 2013 2013 19
90 1990 1990 1990[] 
 []


Overfull \hbox (33.0pt too wide) in paragraph at lines 2407--2407
[]\EU1/lmtt/m/n/10 ## [29] 1995 1995 1995 1995 2000 2000 2000 2000 2005 2005 20
05 2005 2010 2010[] 
 []


Overfull \hbox (33.0pt too wide) in paragraph at lines 2407--2407
[]\EU1/lmtt/m/n/10 ## [43] 2010 2010 2013 2013 2013 2013 1990 1990 1990 1990 19
95 1995 1995 1995[] 
 []


Overfull \hbox (33.0pt too wide) in paragraph at lines 2407--2407
[]\EU1/lmtt/m/n/10 ## [57] 2000 2000 2000 2000 2005 2005 2005 2005 2010 2010 20
10 2010 2013 2013[] 
 []

[48] [49]
Overfull \hbox (19.0pt too wide) in paragraph at lines 2485--2485
[]\EU1/lmtt/m/n/10 ##    year `Communicable diseases` Injuries   `Non-communica
ble diseases`[] 
 []

[50]
Chapter 4.
[51

]
File: 04_plotting_files/figure-latex/unnamed-chunk-2-1.pdf Graphic file (type Q
Tm)
<use  "04_plotting_files/figure-latex/unnamed-chunk-2-1.pdf" >
File: 04_plotting_files/figure-latex/unnamed-chunk-3-1.pdf Graphic file (type Q
Tm)
<use  "04_plotting_files/figure-latex/unnamed-chunk-3-1.pdf" > [52]
File: 04_plotting_files/figure-latex/unnamed-chunk-4-1.pdf Graphic file (type Q
Tm)
<use  "04_plotting_files/figure-latex/unnamed-chunk-4-1.pdf" >
Underfull \vbox (badness 10000) has occurred while \output is active []

[53]
File: 04_plotting_files/figure-latex/unnamed-chunk-5-1.pdf Graphic file (type Q
Tm)
<use  "04_plotting_files/figure-latex/unnamed-chunk-5-1.pdf" >
Underfull \vbox (badness 10000) has occurred while \output is active []

[54]
File: 04_plotting_files/figure-latex/unnamed-chunk-6-1.pdf Graphic file (type Q
Tm)
<use  "04_plotting_files/figure-latex/unnamed-chunk-6-1.pdf" >
Underfull \hbox (badness 1442) in paragraph at lines 2652--2654
[]\EU1/lmr/m/n/10 Use a nicer colour scheme: \EU1/lmtt/m/n/10 + scale_colour_br
ewer(palette =
 []

File: 04_plotting_files/figure-latex/unnamed-chunk-7-1.pdf Graphic file (type Q
Tm)
<use  "04_plotting_files/figure-latex/unnamed-chunk-7-1.pdf" >
Underfull \vbox (badness 10000) has occurred while \output is active []

[55]
File: 04_plotting_files/figure-latex/unnamed-chunk-8-1.pdf Graphic file (type Q
Tm)
<use  "04_plotting_files/figure-latex/unnamed-chunk-8-1.pdf" >
File: 04_plotting_files/figure-latex/unnamed-chunk-9-1.pdf Graphic file (type Q
Tm)
<use  "04_plotting_files/figure-latex/unnamed-chunk-9-1.pdf" > [56]
File: 04_plotting_files/figure-latex/unnamed-chunk-10-1.pdf Graphic file (type 
QTm)
<use  "04_plotting_files/figure-latex/unnamed-chunk-10-1.pdf" > [57]
File: 04_plotting_files/figure-latex/unnamed-chunk-13-1.pdf Graphic file (type 
QTm)
<use  "04_plotting_files/figure-latex/unnamed-chunk-13-1.pdf" >
Underfull \vbox (badness 10000) has occurred while \output is active []

[58]
File: 04_plotting_files/figure-latex/unnamed-chunk-14-1.pdf Graphic file (type 
QTm)
<use  "04_plotting_files/figure-latex/unnamed-chunk-14-1.pdf" >
Underfull \vbox (badness 10000) has occurred while \output is active []

[59]
File: 04_plotting_files/figure-latex/unnamed-chunk-15-1.pdf Graphic file (type 
QTm)
<use  "04_plotting_files/figure-latex/unnamed-chunk-15-1.pdf" >
Underfull \vbox (badness 10000) has occurred while \output is active []

[60] [61]
File: 04_plotting_files/figure-latex/unnamed-chunk-16-1.pdf Graphic file (type 
QTm)
<use  "04_plotting_files/figure-latex/unnamed-chunk-16-1.pdf" >
Overfull \vbox (0.24171pt too high) detected at line 2847
 []

[62]
File: 04_plotting_files/figure-latex/unnamed-chunk-17-1.pdf Graphic file (type 
QTm)
<use  "04_plotting_files/figure-latex/unnamed-chunk-17-1.pdf" > [63]
File: 04_plotting_files/figure-latex/unnamed-chunk-18-1.pdf Graphic file (type 
QTm)
<use  "04_plotting_files/figure-latex/unnamed-chunk-18-1.pdf" > [64] [65] [66]
Chapter 5.
File: 05_fine_tuning_plots_files/figure-latex/unnamed-chunk-1-1.pdf Graphic fil
e (type QTm)
<use  "05_fine_tuning_plots_files/figure-latex/unnamed-chunk-1-1.pdf" > [67

]
File: 05_fine_tuning_plots_files/figure-latex/unnamed-chunk-2-1.pdf Graphic fil
e (type QTm)
<use  "05_fine_tuning_plots_files/figure-latex/unnamed-chunk-2-1.pdf" > [68]
File: 05_fine_tuning_plots_files/figure-latex/unnamed-chunk-3-1.pdf Graphic fil
e (type QTm)
<use  "05_fine_tuning_plots_files/figure-latex/unnamed-chunk-3-1.pdf" > [69]
File: 05_fine_tuning_plots_files/figure-latex/unnamed-chunk-4-1.pdf Graphic fil
e (type QTm)
<use  "05_fine_tuning_plots_files/figure-latex/unnamed-chunk-4-1.pdf" >
File: 05_fine_tuning_plots_files/figure-latex/unnamed-chunk-5-1.pdf Graphic fil
e (type QTm)
<use  "05_fine_tuning_plots_files/figure-latex/unnamed-chunk-5-1.pdf" >
Underfull \vbox (badness 10000) has occurred while \output is active []

[70]
File: 05_fine_tuning_plots_files/figure-latex/unnamed-chunk-6-1.pdf Graphic fil
e (type QTm)
<use  "05_fine_tuning_plots_files/figure-latex/unnamed-chunk-6-1.pdf" >
Underfull \vbox (badness 2662) has occurred while \output is active []

[71]
Overfull \hbox (19.0pt too wide) in paragraph at lines 3080--3080
[]\EU1/lmtt/m/n/10 ## Warning: Removed 114 rows containing non-finite values (s
tat_smooth).[] 
 []

File: 05_fine_tuning_plots_files/figure-latex/unnamed-chunk-7-1.pdf Graphic fil
e (type QTm)
<use  "05_fine_tuning_plots_files/figure-latex/unnamed-chunk-7-1.pdf" >
File: 05_fine_tuning_plots_files/figure-latex/unnamed-chunk-8-1.pdf Graphic fil
e (type QTm)
<use  "05_fine_tuning_plots_files/figure-latex/unnamed-chunk-8-1.pdf" > [72]
File: 05_fine_tuning_plots_files/figure-latex/unnamed-chunk-9-1.pdf Graphic fil
e (type QTm)
<use  "05_fine_tuning_plots_files/figure-latex/unnamed-chunk-9-1.pdf" >
Underfull \vbox (badness 3769) has occurred while \output is active []

[73]
File: 05_fine_tuning_plots_files/figure-latex/unnamed-chunk-10-1.pdf Graphic fi
le (type QTm)
<use  "05_fine_tuning_plots_files/figure-latex/unnamed-chunk-10-1.pdf" >
File: 05_fine_tuning_plots_files/figure-latex/unnamed-chunk-11-1.pdf Graphic fi
le (type QTm)
<use  "05_fine_tuning_plots_files/figure-latex/unnamed-chunk-11-1.pdf" >
Underfull \vbox (badness 10000) has occurred while \output is active []

[74]
File: 05_fine_tuning_plots_files/figure-latex/unnamed-chunk-12-1.pdf Graphic fi
le (type QTm)
<use  "05_fine_tuning_plots_files/figure-latex/unnamed-chunk-12-1.pdf" > [75]
File: 05_fine_tuning_plots_files/figure-latex/unnamed-chunk-13-1.pdf Graphic fi
le (type QTm)
<use  "05_fine_tuning_plots_files/figure-latex/unnamed-chunk-13-1.pdf" > [76]
File: 05_fine_tuning_plots_files/figure-latex/unnamed-chunk-14-1.pdf Graphic fi
le (type QTm)
<use  "05_fine_tuning_plots_files/figure-latex/unnamed-chunk-14-1.pdf" >
File: 05_fine_tuning_plots_files/figure-latex/unnamed-chunk-15-1.pdf Graphic fi
le (type QTm)
<use  "05_fine_tuning_plots_files/figure-latex/unnamed-chunk-15-1.pdf" >
Underfull \vbox (badness 10000) has occurred while \output is active []

[77]
File: 05_fine_tuning_plots_files/figure-latex/unnamed-chunk-16-1.pdf Graphic fi
le (type QTm)
<use  "05_fine_tuning_plots_files/figure-latex/unnamed-chunk-16-1.pdf" > [78]
File: 05_fine_tuning_plots_files/figure-latex/unnamed-chunk-17-1.pdf Graphic fi
le (type QTm)
<use  "05_fine_tuning_plots_files/figure-latex/unnamed-chunk-17-1.pdf" > [79]
File: 05_fine_tuning_plots_files/figure-latex/unnamed-chunk-18-1.pdf Graphic fi
le (type QTm)
<use  "05_fine_tuning_plots_files/figure-latex/unnamed-chunk-18-1.pdf" >
File: 05_fine_tuning_plots_files/figure-latex/unnamed-chunk-19-1.pdf Graphic fi
le (type QTm)
<use  "05_fine_tuning_plots_files/figure-latex/unnamed-chunk-19-1.pdf" >
Underfull \vbox (badness 10000) has occurred while \output is active []

[80]
File: 05_fine_tuning_plots_files/figure-latex/unnamed-chunk-20-1.pdf Graphic fi
le (type QTm)
<use  "05_fine_tuning_plots_files/figure-latex/unnamed-chunk-20-1.pdf" > [81]
File: 05_fine_tuning_plots_files/figure-latex/unnamed-chunk-21-1.pdf Graphic fi
le (type QTm)
<use  "05_fine_tuning_plots_files/figure-latex/unnamed-chunk-21-1.pdf" >
File: 05_fine_tuning_plots_files/figure-latex/unnamed-chunk-22-1.pdf Graphic fi
le (type QTm)
<use  "05_fine_tuning_plots_files/figure-latex/unnamed-chunk-22-1.pdf" > [82] [
83] [84

] [85] [86]
Chapter 6.
[87

]
File: 06_tests_continuous_files/figure-latex/unnamed-chunk-3-1.pdf Graphic file
 (type QTm)
<use  "06_tests_continuous_files/figure-latex/unnamed-chunk-3-1.pdf" >
Underfull \vbox (badness 10000) has occurred while \output is active []

[88]
File: 06_tests_continuous_files/figure-latex/unnamed-chunk-4-1.pdf Graphic file
 (type QTm)
<use  "06_tests_continuous_files/figure-latex/unnamed-chunk-4-1.pdf" > [89]
File: 06_tests_continuous_files/figure-latex/unnamed-chunk-5-1.pdf Graphic file
 (type QTm)
<use  "06_tests_continuous_files/figure-latex/unnamed-chunk-5-1.pdf" >
File: 06_tests_continuous_files/figure-latex/unnamed-chunk-6-1.pdf Graphic file
 (type QTm)
<use  "06_tests_continuous_files/figure-latex/unnamed-chunk-6-1.pdf" >
Underfull \vbox (badness 10000) has occurred while \output is active []

[90] [91]
Overfull \hbox (8.5pt too wide) in paragraph at lines 3560--3560
[]\EU1/lmtt/m/n/10 ## [1] "statistic"   "parameter"   "p.value"     "conf.int" 
   "estimate"[] 
 []

[92]
Overfull \hbox (38.25pt too wide) in paragraph at lines 3585--3585
[]\EU1/lmtt/m/n/10 ##   ..- attr(*, "names")= chr [1:2] "mean in group 2002" "m
ean in group 2007"[] 
 []

[93]
File: 06_tests_continuous_files/figure-latex/unnamed-chunk-12-1.pdf Graphic fil
e (type QTm)
<use  "06_tests_continuous_files/figure-latex/unnamed-chunk-12-1.pdf" > [94] [9
5]
File: 06_tests_continuous_files/figure-latex/unnamed-chunk-14-1.pdf Graphic fil
e (type QTm)
<use  "06_tests_continuous_files/figure-latex/unnamed-chunk-14-1.pdf" > [96] [9
7]
Overfull \hbox (20.75pt too wide) in paragraph at lines 3837--3837
[]\EU1/lmtt/m/n/10 ## [1] "(6e+04,2.79e+06]"    "(2.79e+06,7.02e+06]" "(7.02e+0
6,1.96e+07]"[] 
 []

File: 06_tests_continuous_files/figure-latex/unnamed-chunk-19-1.pdf Graphic fil
e (type QTm)
<use  "06_tests_continuous_files/figure-latex/unnamed-chunk-19-1.pdf" >
Underfull \vbox (badness 3009) has occurred while \output is active []

[98] [99]
File: 06_tests_continuous_files/figure-latex/unnamed-chunk-20-1.pdf Graphic fil
e (type QTm)
<use  "06_tests_continuous_files/figure-latex/unnamed-chunk-20-1.pdf" > [100]
File: 06_tests_continuous_files/figure-latex/unnamed-chunk-21-1.pdf Graphic fil
e (type QTm)
<use  "06_tests_continuous_files/figure-latex/unnamed-chunk-21-1.pdf" >
File: 06_tests_continuous_files/figure-latex/unnamed-chunk-22-1.pdf Graphic fil
e (type QTm)
<use  "06_tests_continuous_files/figure-latex/unnamed-chunk-22-1.pdf" >
Underfull \vbox (badness 10000) has occurred while \output is active []

[101] [102]
Overfull \hbox (12.0pt too wide) in paragraph at lines 4062--4062
[]\EU1/lmtt/m/n/10 ##   continent estimate estimate1 estimate2 statistic p.valu
e parameter[] 
 []

[103] [104

]
Chapter 7.
File: 07_linear_regression_files/figure-latex/unnamed-chunk-2-1.pdf Graphic fil
e (type QTm)
<use  "07_linear_regression_files/figure-latex/unnamed-chunk-2-1.pdf" > [105]
File: 07_linear_regression_files/figure-latex/unnamed-chunk-4-1.pdf Graphic fil
e (type QTm)
<use  "07_linear_regression_files/figure-latex/unnamed-chunk-4-1.pdf" > [106] [
107] [108]
Overfull \hbox (31.25pt too wide) in paragraph at lines 4253--4253
[]\EU1/lmtt/m/n/10 ##   r.squared adj.r.squared sigma statistic  p.value    df 
logLik   AIC   BIC[] 
 []


Overfull \hbox (10.25pt too wide) in paragraph at lines 4253--4253
[]\EU1/lmtt/m/n/10 ##       <dbl>         <dbl> <dbl>     <dbl>    <dbl> <int> 
 <dbl> <dbl> <dbl>[] 
 []


Overfull \hbox (5.0pt too wide) in paragraph at lines 4253--4253
[]\EU1/lmtt/m/n/10 ## 1     0.984         0.983 0.442      633. 2.26e-10     2 
 -6.14  18.3  19.7[] 
 []

[109] [110] [111] [112]
File: 07_linear_regression_files/figure-latex/unnamed-chunk-11-1.pdf Graphic fi
le (type QTm)
<use  "07_linear_regression_files/figure-latex/unnamed-chunk-11-1.pdf" > [113] 
[114]
Chapter 8.
[115

]
File: 08_tests_categorical_files/figure-latex/unnamed-chunk-3-1.pdf Graphic fil
e (type QTm)
<use  "08_tests_categorical_files/figure-latex/unnamed-chunk-3-1.pdf" >
Underfull \vbox (badness 10000) has occurred while \output is active []

[116]
File: 08_tests_categorical_files/figure-latex/unnamed-chunk-4-1.pdf Graphic fil
e (type QTm)
<use  "08_tests_categorical_files/figure-latex/unnamed-chunk-4-1.pdf" > [117]
File: 08_tests_categorical_files/figure-latex/unnamed-chunk-5-1.pdf Graphic fil
e (type QTm)
<use  "08_tests_categorical_files/figure-latex/unnamed-chunk-5-1.pdf" > [118] [
119]
Underfull \vbox (badness 10000) has occurred while \output is active []

[120]
Overfull \hbox (38.25pt too wide) in paragraph at lines 4773--4773
[]\EU1/lmtt/m/n/10 ## Warning in chisq.test(t, correct = FALSE, ...): Chi-squar
ed approximation[] 
 []

[121]
Overfull \hbox (62.75pt too wide) in paragraph at lines 4823--4823
[]\EU1/lmtt/m/n/10 ## mydata$status.factor |    [4,20] |   (20,40] |   (40,60] 
|   (60,95] | Row Total |[] 
 []


Overfull \hbox (99.5pt too wide) in paragraph at lines 4823--4823
[]\EU1/lmtt/m/n/10 ## ---------------------|-----------|-----------|-----------
|-----------|-----------|[] 
 []


Overfull \hbox (6.75pt too wide) in paragraph at lines 4823--4823
[]\EU1/lmtt/m/n/10 ##                      |     6.498 |    26.712 |    66.420 
|    48.371 |           |[] 
 []


Overfull \hbox (1.5pt too wide) in paragraph at lines 4823--4823
[]\EU1/lmtt/m/n/10 ##                      |     0.038 |     0.405 |     0.003 
|     0.116 |           |[] 
 []


Overfull \hbox (10.25pt too wide) in paragraph at lines 4823--4823
[]\EU1/lmtt/m/n/10 ##                      |     0.041 |     0.203 |     0.446 
|     0.311 |     0.722 |[] 
 []


Overfull \hbox (1.5pt too wide) in paragraph at lines 4823--4823
[]\EU1/lmtt/m/n/10 ##                      |     0.667 |     0.811 |     0.717 
|     0.687 |           |[] 
 []


Overfull \hbox (1.5pt too wide) in paragraph at lines 4823--4823
[]\EU1/lmtt/m/n/10 ##                      |     0.029 |     0.146 |     0.322 
|     0.224 |           |[] 
 []


Overfull \hbox (99.5pt too wide) in paragraph at lines 4823--4823
[]\EU1/lmtt/m/n/10 ## ---------------------|-----------|-----------|-----------
|-----------|-----------|[] 
 []


Overfull \hbox (6.75pt too wide) in paragraph at lines 4823--4823
[]\EU1/lmtt/m/n/10 ##                      |     2.502 |    10.288 |    25.580 
|    18.629 |           |[] 
 []


Overfull \hbox (1.5pt too wide) in paragraph at lines 4823--4823
[]\EU1/lmtt/m/n/10 ##                      |     0.099 |     1.051 |     0.007 
|     0.302 |           |[] 
 []


Overfull \hbox (10.25pt too wide) in paragraph at lines 4823--4823
[]\EU1/lmtt/m/n/10 ##                      |     0.053 |     0.123 |     0.456 
|     0.368 |     0.278 |[] 
 []


Overfull \hbox (1.5pt too wide) in paragraph at lines 4823--4823
[]\EU1/lmtt/m/n/10 ##                      |     0.333 |     0.189 |     0.283 
|     0.313 |           |[] 
 []


Overfull \hbox (1.5pt too wide) in paragraph at lines 4823--4823
[]\EU1/lmtt/m/n/10 ##                      |     0.015 |     0.034 |     0.127 
|     0.102 |           |[] 
 []


Overfull \hbox (99.5pt too wide) in paragraph at lines 4823--4823
[]\EU1/lmtt/m/n/10 ## ---------------------|-----------|-----------|-----------
|-----------|-----------|[] 
 []


Overfull \hbox (3.25pt too wide) in paragraph at lines 4823--4823
[]\EU1/lmtt/m/n/10 ##         Column Total |         9 |        37 |        92 
|        67 |       205 |[] 
 []


Overfull \hbox (1.5pt too wide) in paragraph at lines 4823--4823
[]\EU1/lmtt/m/n/10 ##                      |     0.044 |     0.180 |     0.449 
|     0.327 |           |[] 
 []


Overfull \hbox (99.5pt too wide) in paragraph at lines 4823--4823
[]\EU1/lmtt/m/n/10 ## ---------------------|-----------|-----------|-----------
|-----------|-----------|[] 
 []


Overfull \hbox (38.25pt too wide) in paragraph at lines 4838--4838
[]\EU1/lmtt/m/n/10 ## Warning in chisq.test(t, correct = FALSE, ...): Chi-squar
ed approximation[] 
 []

[122]
Overfull \hbox (62.75pt too wide) in paragraph at lines 4888--4888
[]\EU1/lmtt/m/n/10 ## mydata$status.factor |    [4,20] |   (20,40] |   (40,60] 
|   (60,95] | Row Total |[] 
 []


Overfull \hbox (99.5pt too wide) in paragraph at lines 4888--4888
[]\EU1/lmtt/m/n/10 ## ---------------------|-----------|-----------|-----------
|-----------|-----------|[] 
 []


Overfull \hbox (6.75pt too wide) in paragraph at lines 4888--4888
[]\EU1/lmtt/m/n/10 ##                      |     6.498 |    26.712 |    66.420 
|    48.371 |           |[] 
 []


Overfull \hbox (1.5pt too wide) in paragraph at lines 4888--4888
[]\EU1/lmtt/m/n/10 ##                      |     0.038 |     0.405 |     0.003 
|     0.116 |           |[] 
 []


Overfull \hbox (10.25pt too wide) in paragraph at lines 4888--4888
[]\EU1/lmtt/m/n/10 ##                      |     0.041 |     0.203 |     0.446 
|     0.311 |     0.722 |[] 
 []


Overfull \hbox (1.5pt too wide) in paragraph at lines 4888--4888
[]\EU1/lmtt/m/n/10 ##                      |     0.667 |     0.811 |     0.717 
|     0.687 |           |[] 
 []


Overfull \hbox (1.5pt too wide) in paragraph at lines 4888--4888
[]\EU1/lmtt/m/n/10 ##                      |     0.029 |     0.146 |     0.322 
|     0.224 |           |[] 
 []


Overfull \hbox (99.5pt too wide) in paragraph at lines 4888--4888
[]\EU1/lmtt/m/n/10 ## ---------------------|-----------|-----------|-----------
|-----------|-----------|[] 
 []


Overfull \hbox (6.75pt too wide) in paragraph at lines 4888--4888
[]\EU1/lmtt/m/n/10 ##                      |     2.502 |    10.288 |    25.580 
|    18.629 |           |[] 
 []


Overfull \hbox (1.5pt too wide) in paragraph at lines 4888--4888
[]\EU1/lmtt/m/n/10 ##                      |     0.099 |     1.051 |     0.007 
|     0.302 |           |[] 
 []


Overfull \hbox (10.25pt too wide) in paragraph at lines 4888--4888
[]\EU1/lmtt/m/n/10 ##                      |     0.053 |     0.123 |     0.456 
|     0.368 |     0.278 |[] 
 []


Overfull \hbox (1.5pt too wide) in paragraph at lines 4888--4888
[]\EU1/lmtt/m/n/10 ##                      |     0.333 |     0.189 |     0.283 
|     0.313 |           |[] 
 []


Overfull \hbox (1.5pt too wide) in paragraph at lines 4888--4888
[]\EU1/lmtt/m/n/10 ##                      |     0.015 |     0.034 |     0.127 
|     0.102 |           |[] 
 []


Overfull \hbox (99.5pt too wide) in paragraph at lines 4888--4888
[]\EU1/lmtt/m/n/10 ## ---------------------|-----------|-----------|-----------
|-----------|-----------|[] 
 []


Overfull \hbox (3.25pt too wide) in paragraph at lines 4888--4888
[]\EU1/lmtt/m/n/10 ##         Column Total |         9 |        37 |        92 
|        67 |       205 |[] 
 []


Overfull \hbox (1.5pt too wide) in paragraph at lines 4888--4888
[]\EU1/lmtt/m/n/10 ##                      |     0.044 |     0.180 |     0.449 
|     0.327 |           |[] 
 []


Overfull \hbox (99.5pt too wide) in paragraph at lines 4888--4888
[]\EU1/lmtt/m/n/10 ## ---------------------|-----------|-----------|-----------
|-----------|-----------|[] 
 []

[123]
Overfull \hbox (43.5pt too wide) in paragraph at lines 4923--4923
[]\EU1/lmtt/m/n/10 ## Warning in chisq.test(tab, correct = FALSE): Chi-squared 
approximation may[] 
 []


Underfull \vbox (badness 4531) has occurred while \output is active []

[124] [125] [126]
Chapter 9.
File: images/age_bp.png Graphic file (type QTm)
<use  "images/age_bp.png" >
Underfull \vbox (badness 10000) has occurred while \output is active []

[127

]
File: images/exam_pass.jpeg Graphic file (type QTm)
<use  "images/exam_pass.jpeg" >
Underfull \vbox (badness 10000) has occurred while \output is active []

[128] [129]
File: images/p_vs_odds2.png Graphic file (type QTm)
<use  "images/p_vs_odds2.png" > [130]
File: images/or.png Graphic file (type QTm)
<use  "images/or.png" > [131]
Underfull \vbox (badness 1092) has occurred while \output is active []

[132] [133]
File: 09_tests_categorical_files/figure-latex/unnamed-chunk-4-1.pdf Graphic fil
e (type QTm)
<use  "09_tests_categorical_files/figure-latex/unnamed-chunk-4-1.pdf" > [134]
File: 09_tests_categorical_files/figure-latex/unnamed-chunk-5-1.pdf Graphic fil
e (type QTm)
<use  "09_tests_categorical_files/figure-latex/unnamed-chunk-5-1.pdf" >
File: 09_tests_categorical_files/figure-latex/unnamed-chunk-6-1.pdf Graphic fil
e (type QTm)
<use  "09_tests_categorical_files/figure-latex/unnamed-chunk-6-1.pdf" > [135]
File: 09_tests_categorical_files/figure-latex/unnamed-chunk-7-1.pdf Graphic fil
e (type QTm)
<use  "09_tests_categorical_files/figure-latex/unnamed-chunk-7-1.pdf" > [136]
Overfull \hbox (52.25pt too wide) in paragraph at lines 5384--5384
[]\EU1/lmtt/m/n/10 ## Call:  glm(formula = died_melanoma.factor ~ sex.factor, f
amily = "binomial",[] 
 []


Overfull \hbox (19.0pt too wide) in paragraph at lines 5418--5418
[]\EU1/lmtt/m/n/10 ## glm(formula = died_melanoma.factor ~ sex.factor, family =
 "binomial",[] 
 []

[137] [138] [139]
Overfull \hbox (208.17009pt too wide) in paragraph at lines 5542--5551
 [][] 
 []

[140]
Overfull \hbox (271.52008pt too wide) in paragraph at lines 5586--5605
 [][] 
 []


Overfull \hbox (8.5pt too wide) in paragraph at lines 5620--5620
[]\EU1/lmtt/m/n/10 ## Warning: Removed 2 rows containing missing values (geom_e
rrorbarh).[] 
 []

File: 09_tests_categorical_files/figure-latex/unnamed-chunk-17-1.pdf Graphic fi
le (type QTm)
<use  "09_tests_categorical_files/figure-latex/unnamed-chunk-17-1.pdf" >
Underfull \vbox (badness 3623) has occurred while \output is active []

[141] [142]
Overfull \hbox (325.25pt too wide) in paragraph at lines 5700--5700
[]\EU1/lmtt/m/n/10 ## [1] "Number in dataframe = 205, Number in model = 205, Mi
ssing = 0, AIC = 232.3, C-statistic = 0.708, H&L = Chi-sq(8) 3.63 (p=0.889)"[] 

 []

[143]
File: 09_tests_categorical_files/figure-latex/unnamed-chunk-19-1.pdf Graphic fi
le (type QTm)
<use  "09_tests_categorical_files/figure-latex/unnamed-chunk-19-1.pdf" >
File: 09_tests_categorical_files/figure-latex/unnamed-chunk-19-2.pdf Graphic fi
le (type QTm)
<use  "09_tests_categorical_files/figure-latex/unnamed-chunk-19-2.pdf" >
File: 09_tests_categorical_files/figure-latex/unnamed-chunk-19-3.pdf Graphic fi
le (type QTm)
<use  "09_tests_categorical_files/figure-latex/unnamed-chunk-19-3.pdf" >
File: 09_tests_categorical_files/figure-latex/unnamed-chunk-19-4.pdf Graphic fi
le (type QTm)
<use  "09_tests_categorical_files/figure-latex/unnamed-chunk-19-4.pdf" >
Underfull \vbox (badness 10000) has occurred while \output is active []

[144] [145] [146

]
Chapter 10.

Overfull \vbox (0.53304pt too high) detected at line 5765
 []

[147]
Overfull \hbox (45.25pt too wide) in paragraph at lines 5794--5794
[]\EU1/lmtt/m/n/10 ## [1] 0.02739726+ 0.08219178+ 0.09589041+ 0.27123288+ 0.506
84932  0.55890411[] 
 []

[148] [149]
File: 10_survival_files/figure-latex/unnamed-chunk-5-1.pdf Graphic file (type Q
Tm)
<use  "10_survival_files/figure-latex/unnamed-chunk-5-1.pdf" > [150]
File: 10_survival_files/figure-latex/unnamed-chunk-7-1.pdf Graphic file (type Q
Tm)
<use  "10_survival_files/figure-latex/unnamed-chunk-7-1.pdf" >
File: 10_survival_files/figure-latex/unnamed-chunk-8-1.pdf Graphic file (type Q
Tm)
<use  "10_survival_files/figure-latex/unnamed-chunk-8-1.pdf" >
Underfull \vbox (badness 10000) has occurred while \output is active []

[151] [152]
Overfull \hbox (1.5pt too wide) in paragraph at lines 6012--6012
[]\EU1/lmtt/m/n/10 ## ulcer.factorPresent  1.38972   4.01372  0.29772  4.668 3.
04e-06 ***[] 
 []

[153]
Overfull \hbox (26.0pt too wide) in paragraph at lines 6030--6030
[]\EU1/lmtt/m/n/10 ##   term            estimate std.error statistic   p.value 
conf.low conf.high[] 
 []


Overfull \hbox (10.25pt too wide) in paragraph at lines 6030--6030
[]\EU1/lmtt/m/n/10 ## 1 sex.factorMale    0.482      0.268    1.80     7.22e-2 
 -0.0435     1.01[] 
 []


Overfull \hbox (6.75pt too wide) in paragraph at lines 6030--6030
[]\EU1/lmtt/m/n/10 ## 2 ulcer.factorPr~   1.39       0.298    4.67     3.04e-6 
  0.806      1.97[] 
 []


Overfull \hbox (19.0pt too wide) in paragraph at lines 6030--6030
[]\EU1/lmtt/m/n/10 ## 3 age.factor(20,~  -0.406      0.693   -0.586    5.58e-1 
 -1.77       0.953[] 
 []


Overfull \hbox (17.25pt too wide) in paragraph at lines 6030--6030
[]\EU1/lmtt/m/n/10 ## 4 age.factor(40,~  -0.0451     0.613   -0.0736   9.41e-1 
 -1.25       1.16[] 
 []


Overfull \hbox (10.25pt too wide) in paragraph at lines 6030--6030
[]\EU1/lmtt/m/n/10 ## 5 age.factor(60,~   0.179      0.622    0.288    7.74e-1 
 -1.04       1.40[] 
 []


Overfull \vbox (1.81303pt too high) detected at line 6069
 []

[154]
File: 10_survival_files/figure-latex/unnamed-chunk-11-1.pdf Graphic file (type 
QTm)
<use  "10_survival_files/figure-latex/unnamed-chunk-11-1.pdf" > [155] [156] [15
7] (./healthyr-book.bbl [158]) [159

] [160

] (./healthyr-book.ind [161


])
Package atveryend Info: Empty hook `BeforeClearDocument' on input line 6225.
Package atveryend Info: Empty hook `AfterLastShipout' on input line 6225.
(./healthyr-book.aux)
Package atveryend Info: Empty hook `AtVeryEndDocument' on input line 6225.
Package atveryend Info: Empty hook `AtEndAfterFileList' on input line 6225.

LaTeX Warning: There were undefined references.


LaTeX Warning: There were multiply-defined labels.

Package atveryend Info: Empty hook `AtVeryVeryEnd' on input line 6225.
 ) 
Here is how much of TeX's memory you used:
 29701 strings out of 495579
 521180 string characters out of 6187323
 680963 words of memory out of 5000000
 32591 multiletter control sequences out of 15000+600000
 11154 words of font info for 85 fonts, out of 8000000 for 9000
 14 hyphenation exceptions out of 8191
 58i,8n,109p,10422b,621s stack positions out of 5000i,500n,10000p,200000b,80000s

Output written on healthyr-book.pdf (177 pages).
