\BOOKMARK [0][-]{chapter*.1}{\376\377\000L\000i\000s\000t\000\040\000o\000f\000\040\000T\000a\000b\000l\000e\000s}{}% 1
\BOOKMARK [0][-]{chapter*.2}{\376\377\000L\000i\000s\000t\000\040\000o\000f\000\040\000F\000i\000g\000u\000r\000e\000s}{}% 2
\BOOKMARK [0][-]{chapter*.3}{\376\377\000P\000r\000e\000f\000a\000c\000e}{}% 3
\BOOKMARK [0][-]{chapter*.6}{\376\377\000A\000b\000o\000u\000t\000\040\000t\000h\000e\000\040\000A\000u\000t\000h\000o\000r\000s}{}% 4
\BOOKMARK [0][-]{chapter.1}{\376\377\000R\000\040\000B\000a\000s\000i\000c\000s}{}% 5
\BOOKMARK [1][-]{section.1.1}{\376\377\000R\000e\000a\000d\000i\000n\000g\000\040\000d\000a\000t\000a\000\040\000i\000n\000t\000o\000\040\000R}{chapter.1}% 6
\BOOKMARK [2][-]{subsection.1.1.1}{\376\377\000R\000e\000a\000d\000i\000n\000g\000\040\000i\000n\000\040\000t\000h\000e\000\040\000G\000l\000o\000b\000a\000l\000\040\000B\000u\000r\000d\000e\000n\000\040\000o\000f\000\040\000D\000i\000s\000e\000a\000s\000e\000\040\000e\000x\000a\000m\000p\000l\000e\000\040\000d\000a\000t\000a\000s\000e\000t\000\040\000\050\000s\000h\000o\000r\000t\000\040\000v\000e\000r\000s\000i\000o\000n\000\051}{section.1.1}% 7
\BOOKMARK [1][-]{section.1.2}{\376\377\000V\000a\000r\000i\000a\000b\000l\000e\000\040\000t\000y\000p\000e\000s\000\040\000a\000n\000d\000\040\000w\000h\000y\000\040\000w\000e\000\040\000c\000a\000r\000e}{chapter.1}% 8
\BOOKMARK [2][-]{subsection.1.2.1}{\376\377\000N\000u\000m\000e\000r\000i\000c\000\040\000v\000a\000r\000i\000a\000b\000l\000e\000s\000\040\000\050\000c\000o\000n\000t\000i\000n\000u\000o\000u\000s\000\051}{section.1.2}% 9
\BOOKMARK [2][-]{subsection.1.2.2}{\376\377\000C\000h\000a\000r\000a\000c\000t\000e\000r\000\040\000v\000a\000r\000i\000a\000b\000l\000e\000s}{section.1.2}% 10
\BOOKMARK [2][-]{subsection.1.2.3}{\376\377\000F\000a\000c\000t\000o\000r\000\040\000v\000a\000r\000i\000a\000b\000l\000e\000s\000\040\000\050\000c\000a\000t\000e\000g\000o\000r\000i\000c\000a\000l\000\051}{section.1.2}% 11
\BOOKMARK [2][-]{subsection.1.2.4}{\376\377\000D\000a\000t\000e\000/\000t\000i\000m\000e\000\040\000v\000a\000r\000i\000a\000b\000l\000e\000s}{section.1.2}% 12
\BOOKMARK [1][-]{section.1.3}{\376\377\000O\000b\000j\000e\000c\000t\000s\000\040\000a\000n\000d\000\040\000f\000u\000n\000c\000t\000i\000o\000n\000s}{chapter.1}% 13
\BOOKMARK [2][-]{subsection.1.3.1}{\376\377\000d\000a\000t\000a\000\040\000f\000r\000a\000m\000e\000\040\000a\000n\000d\000\040\000t\000i\000b\000b\000l\000e}{section.1.3}% 14
\BOOKMARK [2][-]{subsection.1.3.2}{\376\377\000N\000a\000m\000i\000n\000g\000\040\000o\000b\000j\000e\000c\000t\000s}{section.1.3}% 15
\BOOKMARK [2][-]{subsection.1.3.3}{\376\377\000F\000u\000n\000c\000t\000i\000o\000n\000\040\000a\000n\000d\000\040\000i\000t\000s\000\040\000a\000r\000g\000u\000m\000e\000n\000t\000s}{section.1.3}% 16
\BOOKMARK [2][-]{subsection.1.3.4}{\376\377\000R\000e\000c\000a\000p\000:\000\040\000o\000b\000j\000e\000c\000t\000,\000\040\000f\000u\000n\000c\000t\000i\000o\000n\000,\000\040\000i\000n\000p\000u\000t\000,\000\040\000a\000r\000g\000u\000m\000e\000n\000t\000,\000\040\000r\000e\000t\000u\000r\000n}{section.1.3}% 17
\BOOKMARK [2][-]{subsection.1.3.5}{\376\377\000W\000o\000r\000k\000i\000n\000g\000\040\000w\000i\000t\000h\000\040\000O\000b\000j\000e\000c\000t\000s}{section.1.3}% 18
\BOOKMARK [1][-]{section.1.4}{\376\377\000P\000i\000p\000e\000\040\000-\000\040\000\045\000>\000\045}{chapter.1}% 19
\BOOKMARK [2][-]{subsection.1.4.1}{\376\377\000W\000h\000e\000n\000\040\000p\000i\000p\000e\000\040\000s\000e\000n\000d\000s\000\040\000d\000a\000t\000a\000\040\000t\000o\000\040\000t\000h\000e\000\040\000w\000r\000o\000n\000g\000\040\000p\000l\000a\000c\000e\000:\000\040\000u\000s\000e\000\040\000.\000\040\000t\000o\000\040\000d\000i\000r\000e\000c\000t\000\040\000i\000t}{section.1.4}% 20
\BOOKMARK [1][-]{section.1.5}{\376\377\000O\000p\000e\000r\000a\000t\000o\000r\000s\000\040\000f\000o\000r\000\040\000f\000i\000l\000t\000e\000r\000i\000n\000g\000\040\000d\000a\000t\000a}{chapter.1}% 21
\BOOKMARK [2][-]{subsection.1.5.1}{\376\377\000W\000o\000r\000k\000e\000d\000\040\000e\000x\000a\000m\000p\000l\000e\000s}{section.1.5}% 22
\BOOKMARK [1][-]{section.1.6}{\376\377\000T\000h\000e\000\040\000c\000o\000m\000b\000i\000n\000e\000\040\000f\000u\000n\000c\000t\000i\000o\000n\000:\000\040\000c\000\050\000\051}{chapter.1}% 23
\BOOKMARK [1][-]{section.1.7}{\376\377\000M\000i\000s\000s\000i\000n\000g\000\040\000v\000a\000l\000u\000e\000s\000\040\000\050\000N\000A\000s\000\051\000\040\000a\000n\000d\000\040\000f\000i\000l\000t\000e\000r\000s}{chapter.1}% 24
\BOOKMARK [1][-]{section.1.8}{\376\377\000C\000r\000e\000a\000t\000i\000n\000g\000\040\000n\000e\000w\000\040\000c\000o\000l\000u\000m\000n\000s\000\040\000-\000\040\000m\000u\000t\000a\000t\000e\000\050\000\051}{chapter.1}% 25
\BOOKMARK [2][-]{subsection.1.8.1}{\376\377\000W\000o\000r\000k\000e\000d\000\040\000e\000x\000a\000m\000p\000l\000e\000/\000e\000x\000e\000r\000c\000i\000s\000e}{section.1.8}% 26
\BOOKMARK [1][-]{section.1.9}{\376\377\000C\000o\000n\000d\000i\000t\000i\000o\000n\000a\000l\000\040\000c\000a\000l\000c\000u\000l\000a\000t\000i\000o\000n\000s\000\040\000-\000\040\000i\000f\000\137\000e\000l\000s\000e\000\050\000\051}{chapter.1}% 27
\BOOKMARK [1][-]{section.1.10}{\376\377\000C\000r\000e\000a\000t\000e\000\040\000l\000a\000b\000e\000l\000s\000\040\000-\000\040\000p\000a\000s\000t\000e\000\050\000\051}{chapter.1}% 28
\BOOKMARK [1][-]{section.1.11}{\376\377\000J\000o\000i\000n\000i\000n\000g\000\040\000m\000u\000l\000t\000i\000p\000l\000e\000\040\000d\000a\000t\000a\000s\000e\000t\000s}{chapter.1}% 29
\BOOKMARK [2][-]{subsection.1.11.1}{\376\377\000F\000u\000r\000t\000h\000e\000r\000\040\000n\000o\000t\000e\000s\000\040\000a\000b\000o\000u\000t\000\040\000j\000o\000i\000n\000s}{section.1.11}% 30
\BOOKMARK [1][-]{section.1.12}{\376\377\000G\000e\000t\000t\000i\000n\000g\000\040\000h\000e\000l\000p}{chapter.1}% 31
\BOOKMARK [0][-]{section.1.12}{\376\377\000I\000n\000d\000e\000x}{}% 32
\BOOKMARK [1][-]{section*.14}{}{section.1.12}% 33
